{"message":"fex ApiRequests:3 ApiResponses:1 ApiErrors:0 ApiQueue:2 Piston:0 DbRequests:1 DbResponses:0 DbErrors:0 DbQueue:1","level":"info"}
{"message":"gso ApiRequests:7 ApiResponses:0 ApiErrors:0 ApiQueue:7 Piston:10 DbRequests:1 DbResponses:0 DbErrors:0 DbQueue:1","level":"info"}
{"message":"fex ApiRequests:3 ApiResponses:3 ApiErrors:0 ApiQueue:0 Piston:0 DbRequests:10 DbResponses:4 DbErrors:0 DbQueue:6","level":"info"}
{"message":"gso ApiRequests:7 ApiResponses:7 ApiErrors:0 ApiQueue:0 Piston:0 DbRequests:10 DbResponses:4 DbErrors:0 DbQueue:6","level":"info"}
{"message":"fex ApiRequests:3 ApiResponses:3 ApiErrors:0 ApiQueue:0 Piston:0 DbRequests:10 DbResponses:10 DbErrors:0 DbQueue:0","level":"info"}
{"message":"gso ApiRequests:7 ApiResponses:7 ApiErrors:0 ApiQueue:0 Piston:0 DbRequests:10 DbResponses:10 DbErrors:0 DbQueue:0","level":"info"}
{"message":"fex ApiRequests:3 ApiResponses:1 ApiErrors:0 ApiQueue:2 Piston:0 DbRequests:1 DbResponses:0 DbErrors:0 DbQueue:1","level":"info"}
{"message":"gso ApiRequests:7 ApiResponses:0 ApiErrors:0 ApiQueue:7 Piston:5 DbRequests:1 DbResponses:0 DbErrors:0 DbQueue:1","level":"info"}
{"message":"Resource ID : 1. The request limit for the database is 30 and has been reached. See 'http://go.microsoft.com/fwlink/?LinkId=267637' for assistance.","level":"info"}
{"message":"Resource ID : 1. The request limit for the database is 30 and has been reached. See 'http://go.microsoft.com/fwlink/?LinkId=267637' for assistance.","level":"info"}
{"message":"Resource ID : 1. The request limit for the database is 30 and has been reached. See 'http://go.microsoft.com/fwlink/?LinkId=267637' for assistance.","level":"info"}
{"message":"Resource ID : 1. The request limit for the database is 30 and has been reached. See 'http://go.microsoft.com/fwlink/?LinkId=267637' for assistance.","level":"info"}
{"message":"fex ApiRequests:3 ApiResponses:3 ApiErrors:0 ApiQueue:0 Piston:0 DbRequests:10 DbResponses:6 DbErrors:4 DbQueue:0","level":"info"}
{"message":"gso ApiRequests:7 ApiResponses:7 ApiErrors:0 ApiQueue:0 Piston:0 DbRequests:10 DbResponses:6 DbErrors:4 DbQueue:0","level":"info"}
{"message":"fex ApiRequests:3 ApiResponses:1 ApiErrors:0 ApiQueue:2 Piston:0 DbRequests:1 DbResponses:0 DbErrors:0 DbQueue:1","level":"info"}
{"message":"gso ApiRequests:7 ApiResponses:0 ApiErrors:0 ApiQueue:7 Piston:5 DbRequests:1 DbResponses:0 DbErrors:0 DbQueue:1","level":"info"}
{"message":"Resource ID : 1. The request limit for the database is 30 and has been reached. See 'http://go.microsoft.com/fwlink/?LinkId=267637' for assistance.","level":"info"}
{"message":"Resource ID : 1. The request limit for the database is 30 and has been reached. See 'http://go.microsoft.com/fwlink/?LinkId=267637' for assistance.","level":"info"}
{"message":"Resource ID : 1. The request limit for the database is 30 and has been reached. See 'http://go.microsoft.com/fwlink/?LinkId=267637' for assistance.","level":"info"}
{"message":"Resource ID : 1. The request limit for the database is 30 and has been reached. See 'http://go.microsoft.com/fwlink/?LinkId=267637' for assistance.","level":"info"}
{"message":"Resource ID : 1. The request limit for the database is 30 and has been reached. See 'http://go.microsoft.com/fwlink/?LinkId=267637' for assistance.","level":"info"}
{"message":"fex ApiRequests:3 ApiResponses:3 ApiErrors:0 ApiQueue:0 Piston:0 DbRequests:10 DbResponses:5 DbErrors:5 DbQueue:0","level":"info"}
{"message":"gso ApiRequests:7 ApiResponses:7 ApiErrors:0 ApiQueue:0 Piston:0 DbRequests:10 DbResponses:5 DbErrors:5 DbQueue:0","level":"info"}
{"message":"Cannot open server 'wineshipping' requested by the login. Client with IP address '106.203.182.217' is not allowed to access the server.  To enable access, use the Windows Azure Management Portal or run sp_set_firewall_rule on the master database to create a firewall rule for this IP address or address range.  It may take up to five minutes for this change to take effect.","level":"info"}
{"message":"Cannot open server 'wineshipping' requested by the login. Client with IP address '106.203.182.217' is not allowed to access the server.  To enable access, use the Windows Azure Management Portal or run sp_set_firewall_rule on the master database to create a firewall rule for this IP address or address range.  It may take up to five minutes for this change to take effect.","level":"info"}
{"message":"fex ApiRequests:3 ApiResponses:0 ApiErrors:0 ApiQueue:3 Piston:0 DbRequests:0 DbResponses:0 DbErrors:0 DbQueue:0","level":"info"}
{"message":"gso ApiRequests:0 ApiResponses:0 ApiErrors:0 ApiQueue:0 Piston:10 DbRequests:0 DbResponses:0 DbErrors:0 DbQueue:0","level":"info"}
{"message":"fex ApiRequests:3 ApiResponses:1 ApiErrors:0 ApiQueue:2 Piston:0 DbRequests:8 DbResponses:1 DbErrors:0 DbQueue:7","level":"info"}
{"message":"gso ApiRequests:7 ApiResponses:7 ApiErrors:0 ApiQueue:0 Piston:0 DbRequests:8 DbResponses:1 DbErrors:0 DbQueue:7","level":"info"}
{"message":"fex ApiRequests:3 ApiResponses:3 ApiErrors:0 ApiQueue:0 Piston:0 DbRequests:10 DbResponses:10 DbErrors:0 DbQueue:0","level":"info"}
{"message":"gso ApiRequests:7 ApiResponses:7 ApiErrors:0 ApiQueue:0 Piston:0 DbRequests:10 DbResponses:10 DbErrors:0 DbQueue:0","level":"info"}
{"message":"fex ApiRequests:3 ApiResponses:0 ApiErrors:0 ApiQueue:3 Piston:0 DbRequests:0 DbResponses:0 DbErrors:0 DbQueue:0","level":"info"}
{"message":"gso ApiRequests:3 ApiResponses:0 ApiErrors:0 ApiQueue:3 Piston:10 DbRequests:0 DbResponses:0 DbErrors:0 DbQueue:0","level":"info"}
{"message":"fex ApiRequests:3 ApiResponses:0 ApiErrors:0 ApiQueue:3 Piston:0 DbRequests:6 DbResponses:0 DbErrors:0 DbQueue:6","level":"info"}
{"message":"gso ApiRequests:7 ApiResponses:6 ApiErrors:0 ApiQueue:1 Piston:0 DbRequests:6 DbResponses:0 DbErrors:0 DbQueue:6","level":"info"}
{"message":"fex ApiRequests:3 ApiResponses:2 ApiErrors:0 ApiQueue:1 Piston:0 DbRequests:9 DbResponses:9 DbErrors:0 DbQueue:0","level":"info"}
{"message":"gso ApiRequests:7 ApiResponses:7 ApiErrors:0 ApiQueue:0 Piston:0 DbRequests:9 DbResponses:9 DbErrors:0 DbQueue:0","level":"info"}
{"message":"fex ApiRequests:3 ApiResponses:3 ApiErrors:0 ApiQueue:0 Piston:0 DbRequests:10 DbResponses:10 DbErrors:0 DbQueue:0","level":"info"}
{"message":"gso ApiRequests:7 ApiResponses:7 ApiErrors:0 ApiQueue:0 Piston:0 DbRequests:10 DbResponses:10 DbErrors:0 DbQueue:0","level":"info"}
{"message":"fex ApiRequests:3 ApiResponses:0 ApiErrors:0 ApiQueue:3 Piston:0 DbRequests:0 DbResponses:0 DbErrors:0 DbQueue:0","level":"info"}
{"message":"gso ApiRequests:7 ApiResponses:0 ApiErrors:0 ApiQueue:7 Piston:10 DbRequests:0 DbResponses:0 DbErrors:0 DbQueue:0","level":"info"}
{"message":"fex ApiRequests:3 ApiResponses:3 ApiErrors:0 ApiQueue:0 Piston:0 DbRequests:10 DbResponses:10 DbErrors:0 DbQueue:0","level":"info"}
{"message":"gso ApiRequests:7 ApiResponses:7 ApiErrors:0 ApiQueue:0 Piston:0 DbRequests:10 DbResponses:10 DbErrors:0 DbQueue:0","level":"info"}
{"message":"fex ApiRequests:3 ApiResponses:0 ApiErrors:0 ApiQueue:3 Piston:0 DbRequests:0 DbResponses:0 DbErrors:0 DbQueue:0","level":"info"}
{"message":"gso ApiRequests:7 ApiResponses:0 ApiErrors:0 ApiQueue:7 Piston:10 DbRequests:0 DbResponses:0 DbErrors:0 DbQueue:0","level":"info"}
{"message":"fex ApiRequests:3 ApiResponses:2 ApiErrors:0 ApiQueue:1 Piston:0 DbRequests:9 DbResponses:9 DbErrors:0 DbQueue:0","level":"info"}
{"message":"gso ApiRequests:7 ApiResponses:7 ApiErrors:0 ApiQueue:0 Piston:0 DbRequests:9 DbResponses:9 DbErrors:0 DbQueue:0","level":"info"}
{"message":"fex ApiRequests:3 ApiResponses:3 ApiErrors:0 ApiQueue:0 Piston:0 DbRequests:10 DbResponses:10 DbErrors:0 DbQueue:0","level":"info"}
{"message":"gso ApiRequests:7 ApiResponses:7 ApiErrors:0 ApiQueue:0 Piston:0 DbRequests:10 DbResponses:10 DbErrors:0 DbQueue:0","level":"info"}
{"message":"fex ApiRequests:3 ApiResponses:0 ApiErrors:0 ApiQueue:3 Piston:0 DbRequests:0 DbResponses:0 DbErrors:0 DbQueue:0","level":"info"}
{"message":"gso ApiRequests:7 ApiResponses:0 ApiErrors:0 ApiQueue:7 Piston:5 DbRequests:0 DbResponses:0 DbErrors:0 DbQueue:0","level":"info"}
{"message":"fex ApiRequests:3 ApiResponses:1 ApiErrors:0 ApiQueue:2 Piston:0 DbRequests:8 DbResponses:8 DbErrors:0 DbQueue:0","level":"info"}
{"message":"gso ApiRequests:7 ApiResponses:7 ApiErrors:0 ApiQueue:0 Piston:0 DbRequests:8 DbResponses:8 DbErrors:0 DbQueue:0","level":"info"}
{"message":"fex ApiRequests:3 ApiResponses:2 ApiErrors:0 ApiQueue:1 Piston:0 DbRequests:9 DbResponses:9 DbErrors:0 DbQueue:0","level":"info"}
{"message":"gso ApiRequests:7 ApiResponses:7 ApiErrors:0 ApiQueue:0 Piston:0 DbRequests:9 DbResponses:9 DbErrors:0 DbQueue:0","level":"info"}
{"message":"fex ApiRequests:3 ApiResponses:3 ApiErrors:0 ApiQueue:0 Piston:0 DbRequests:10 DbResponses:10 DbErrors:0 DbQueue:0","level":"info"}
{"message":"gso ApiRequests:7 ApiResponses:7 ApiErrors:0 ApiQueue:0 Piston:0 DbRequests:10 DbResponses:10 DbErrors:0 DbQueue:0","level":"info"}
{"message":"fex ApiRequests:3 ApiResponses:1 ApiErrors:0 ApiQueue:2 Piston:0 DbRequests:1 DbResponses:0 DbErrors:0 DbQueue:1","level":"info"}
{"message":"gso ApiRequests:7 ApiResponses:0 ApiErrors:0 ApiQueue:7 Piston:5 DbRequests:1 DbResponses:0 DbErrors:0 DbQueue:1","level":"info"}
{"message":"fex ApiRequests:3 ApiResponses:3 ApiErrors:0 ApiQueue:0 Piston:0 DbRequests:10 DbResponses:10 DbErrors:0 DbQueue:0","level":"info"}
{"message":"gso ApiRequests:7 ApiResponses:7 ApiErrors:0 ApiQueue:0 Piston:0 DbRequests:10 DbResponses:10 DbErrors:0 DbQueue:0","level":"info"}
{"message":"fex ApiRequests:3 ApiResponses:0 ApiErrors:0 ApiQueue:3 Piston:0 DbRequests:0 DbResponses:0 DbErrors:0 DbQueue:0","level":"info"}
{"message":"gso ApiRequests:7 ApiResponses:0 ApiErrors:0 ApiQueue:7 Piston:5 DbRequests:0 DbResponses:0 DbErrors:0 DbQueue:0","level":"info"}
{"message":"fex ApiRequests:3 ApiResponses:3 ApiErrors:0 ApiQueue:0 Piston:0 DbRequests:10 DbResponses:10 DbErrors:0 DbQueue:0","level":"info"}
{"message":"gso ApiRequests:7 ApiResponses:7 ApiErrors:0 ApiQueue:0 Piston:0 DbRequests:10 DbResponses:10 DbErrors:0 DbQueue:0","level":"info"}
{"message":"fex ApiRequests:3 ApiResponses:0 ApiErrors:0 ApiQueue:3 Piston:0 DbRequests:0 DbResponses:0 DbErrors:0 DbQueue:0","level":"info"}
{"message":"gso ApiRequests:7 ApiResponses:0 ApiErrors:0 ApiQueue:7 Piston:10 DbRequests:0 DbResponses:0 DbErrors:0 DbQueue:0","level":"info"}
{"message":"fex ApiRequests:3 ApiResponses:3 ApiErrors:0 ApiQueue:0 Piston:0 DbRequests:8 DbResponses:8 DbErrors:0 DbQueue:0","level":"info"}
{"message":"gso ApiRequests:7 ApiResponses:5 ApiErrors:0 ApiQueue:2 Piston:0 DbRequests:8 DbResponses:8 DbErrors:0 DbQueue:0","level":"info"}
{"message":"fex ApiRequests:3 ApiResponses:3 ApiErrors:0 ApiQueue:0 Piston:0 DbRequests:10 DbResponses:10 DbErrors:0 DbQueue:0","level":"info"}
{"message":"gso ApiRequests:7 ApiResponses:7 ApiErrors:0 ApiQueue:0 Piston:0 DbRequests:10 DbResponses:10 DbErrors:0 DbQueue:0","level":"info"}
{"message":"fex ApiRequests:3 ApiResponses:0 ApiErrors:0 ApiQueue:3 Piston:0 DbRequests:0 DbResponses:0 DbErrors:0 DbQueue:0","level":"info"}
{"message":"gso ApiRequests:0 ApiResponses:0 ApiErrors:0 ApiQueue:0 Piston:10 DbRequests:0 DbResponses:0 DbErrors:0 DbQueue:0","level":"info"}
{"message":"fex ApiRequests:3 ApiResponses:2 ApiErrors:0 ApiQueue:1 Piston:0 DbRequests:2 DbResponses:1 DbErrors:0 DbQueue:1","level":"info"}
{"message":"gso ApiRequests:7 ApiResponses:0 ApiErrors:0 ApiQueue:7 Piston:0 DbRequests:2 DbResponses:1 DbErrors:0 DbQueue:1","level":"info"}
{"message":"fex ApiRequests:3 ApiResponses:3 ApiErrors:0 ApiQueue:0 Piston:0 DbRequests:10 DbResponses:10 DbErrors:0 DbQueue:0","level":"info"}
{"message":"gso ApiRequests:7 ApiResponses:7 ApiErrors:0 ApiQueue:0 Piston:0 DbRequests:10 DbResponses:10 DbErrors:0 DbQueue:0","level":"info"}
{"message":"Mandrill mail sent","level":"info"}
{"message":"fex ApiRequests:3 ApiResponses:0 ApiErrors:0 ApiQueue:3 Piston:0 DbRequests:0 DbResponses:0 DbErrors:0 DbQueue:0","level":"info"}
{"message":"gso ApiRequests:0 ApiResponses:0 ApiErrors:0 ApiQueue:0 Piston:10 DbRequests:0 DbResponses:0 DbErrors:0 DbQueue:0","level":"info"}
{"message":"fex ApiRequests:3 ApiResponses:0 ApiErrors:0 ApiQueue:3 Piston:0 DbRequests:0 DbResponses:0 DbErrors:0 DbQueue:0","level":"info"}
{"message":"gso ApiRequests:7 ApiResponses:0 ApiErrors:0 ApiQueue:7 Piston:5 DbRequests:0 DbResponses:0 DbErrors:0 DbQueue:0","level":"info"}
{"message":"fex ApiRequests:3 ApiResponses:0 ApiErrors:0 ApiQueue:3 Piston:0 DbRequests:0 DbResponses:0 DbErrors:0 DbQueue:0","level":"info"}
{"message":"gso ApiRequests:7 ApiResponses:0 ApiErrors:0 ApiQueue:7 Piston:0 DbRequests:0 DbResponses:0 DbErrors:0 DbQueue:0","level":"info"}
{"message":"fex ApiRequests:3 ApiResponses:1 ApiErrors:0 ApiQueue:2 Piston:0 DbRequests:1 DbResponses:0 DbErrors:0 DbQueue:1","level":"info"}
{"message":"gso ApiRequests:7 ApiResponses:0 ApiErrors:0 ApiQueue:7 Piston:0 DbRequests:1 DbResponses:0 DbErrors:0 DbQueue:1","level":"info"}
{"message":"fex ApiRequests:3 ApiResponses:3 ApiErrors:0 ApiQueue:0 Piston:0 DbRequests:3 DbResponses:1 DbErrors:0 DbQueue:2","level":"info"}
{"message":"gso ApiRequests:7 ApiResponses:0 ApiErrors:0 ApiQueue:7 Piston:0 DbRequests:3 DbResponses:1 DbErrors:0 DbQueue:2","level":"info"}
{"message":"fex ApiRequests:3 ApiResponses:3 ApiErrors:0 ApiQueue:0 Piston:0 DbRequests:3 DbResponses:3 DbErrors:0 DbQueue:0","level":"info"}
{"message":"gso ApiRequests:7 ApiResponses:0 ApiErrors:0 ApiQueue:7 Piston:0 DbRequests:3 DbResponses:3 DbErrors:0 DbQueue:0","level":"info"}
{"message":"fex ApiRequests:3 ApiResponses:3 ApiErrors:0 ApiQueue:0 Piston:0 DbRequests:3 DbResponses:3 DbErrors:0 DbQueue:0","level":"info"}
{"message":"gso ApiRequests:7 ApiResponses:0 ApiErrors:0 ApiQueue:7 Piston:0 DbRequests:3 DbResponses:3 DbErrors:0 DbQueue:0","level":"info"}
{"message":"fex ApiRequests:3 ApiResponses:3 ApiErrors:0 ApiQueue:0 Piston:0 DbRequests:5 DbResponses:3 DbErrors:0 DbQueue:2","level":"info"}
{"message":"gso ApiRequests:7 ApiResponses:2 ApiErrors:0 ApiQueue:5 Piston:0 DbRequests:5 DbResponses:3 DbErrors:0 DbQueue:2","level":"info"}
{"message":"read ECONNRESET. Carrier name:gso, Tracking number:508741111112299","level":"info"}
{"message":"fex ApiRequests:3 ApiResponses:3 ApiErrors:0 ApiQueue:0 Piston:0 DbRequests:9 DbResponses:7 DbErrors:0 DbQueue:2","level":"info"}
{"message":"gso ApiRequests:7 ApiResponses:6 ApiErrors:1 ApiQueue:0 Piston:0 DbRequests:9 DbResponses:7 DbErrors:0 DbQueue:2","level":"info"}
{"message":"fex ApiRequests:3 ApiResponses:3 ApiErrors:0 ApiQueue:0 Piston:0 DbRequests:9 DbResponses:9 DbErrors:0 DbQueue:0","level":"info"}
{"message":"gso ApiRequests:7 ApiResponses:6 ApiErrors:1 ApiQueue:0 Piston:0 DbRequests:9 DbResponses:9 DbErrors:0 DbQueue:0","level":"info"}
{"message":"Mandrill mail sent","level":"info"}
