{"message":"New Job started at 2018-07-08 23:37:38","level":"info"}
{"message":"fex Item Count: 10000","level":"info"}
{"message":"fex ApiReq:242 apiRes:177 apiErr:0 apiQue:65 piston:15 statusDrop:176 errDrop:0 toDb:0 dbReq:0 DbRes:0 DbErr:0 dbQue:0","level":"info"}
{"message":"ups ApiReq:0 apiRes:0 apiErr:0 apiQue:0 piston:0 statusDrop:0 errDrop:0 toDb:0 dbReq:0 DbRes:0 DbErr:0 dbQue:0","level":"info"}
{"message":"gso ApiReq:0 apiRes:0 apiErr:0 apiQue:0 piston:0 statusDrop:0 errDrop:0 toDb:0 dbReq:0 DbRes:0 DbErr:0 dbQue:0","level":"info"}
{"message":"tps ApiReq:0 apiRes:0 apiErr:0 apiQue:0 piston:0 statusDrop:0 errDrop:0 toDb:0 dbReq:0 DbRes:0 DbErr:0 dbQue:0","level":"info"}
{"message":"Total apiReq:242 apiRes:177 apiErr:0 apiQue:65 statusDrop:176 errDrop:0 toDb:0 dbReq:0 dbRes:0 dbErr:0 dbQue:0 t:2018-07-08 23:38:00","level":"info"}
{"message":"fex ApiReq:475 apiRes:415 apiErr:0 apiQue:60 piston:15 statusDrop:414 errDrop:0 toDb:0 dbReq:0 DbRes:0 DbErr:0 dbQue:0","level":"info"}
{"message":"ups ApiReq:0 apiRes:0 apiErr:0 apiQue:0 piston:0 statusDrop:0 errDrop:0 toDb:0 dbReq:0 DbRes:0 DbErr:0 dbQue:0","level":"info"}
{"message":"gso ApiReq:0 apiRes:0 apiErr:0 apiQue:0 piston:0 statusDrop:0 errDrop:0 toDb:0 dbReq:0 DbRes:0 DbErr:0 dbQue:0","level":"info"}
{"message":"tps ApiReq:0 apiRes:0 apiErr:0 apiQue:0 piston:0 statusDrop:0 errDrop:0 toDb:0 dbReq:0 DbRes:0 DbErr:0 dbQue:0","level":"info"}
{"message":"Total apiReq:475 apiRes:415 apiErr:0 apiQue:60 statusDrop:414 errDrop:0 toDb:0 dbReq:0 dbRes:0 dbErr:0 dbQue:0 t:2018-07-08 23:38:05","level":"info"}
{"message":"fex ApiReq:682 apiRes:637 apiErr:0 apiQue:45 piston:15 statusDrop:635 errDrop:0 toDb:0 dbReq:0 DbRes:0 DbErr:0 dbQue:0","level":"info"}
{"message":"ups ApiReq:0 apiRes:0 apiErr:0 apiQue:0 piston:0 statusDrop:0 errDrop:0 toDb:0 dbReq:0 DbRes:0 DbErr:0 dbQue:0","level":"info"}
{"message":"gso ApiReq:0 apiRes:0 apiErr:0 apiQue:0 piston:0 statusDrop:0 errDrop:0 toDb:0 dbReq:0 DbRes:0 DbErr:0 dbQue:0","level":"info"}
{"message":"tps ApiReq:0 apiRes:0 apiErr:0 apiQue:0 piston:0 statusDrop:0 errDrop:0 toDb:0 dbReq:0 DbRes:0 DbErr:0 dbQue:0","level":"info"}
{"message":"Total apiReq:682 apiRes:637 apiErr:0 apiQue:45 statusDrop:635 errDrop:0 toDb:0 dbReq:0 dbRes:0 dbErr:0 dbQue:0 t:2018-07-08 23:38:10","level":"info"}
{"message":"fex ApiReq:898 apiRes:860 apiErr:0 apiQue:38 piston:25 statusDrop:858 errDrop:0 toDb:0 dbReq:0 DbRes:0 DbErr:0 dbQue:0","level":"info"}
{"message":"ups ApiReq:0 apiRes:0 apiErr:0 apiQue:0 piston:0 statusDrop:0 errDrop:0 toDb:0 dbReq:0 DbRes:0 DbErr:0 dbQue:0","level":"info"}
{"message":"gso ApiReq:0 apiRes:0 apiErr:0 apiQue:0 piston:0 statusDrop:0 errDrop:0 toDb:0 dbReq:0 DbRes:0 DbErr:0 dbQue:0","level":"info"}
{"message":"tps ApiReq:0 apiRes:0 apiErr:0 apiQue:0 piston:0 statusDrop:0 errDrop:0 toDb:0 dbReq:0 DbRes:0 DbErr:0 dbQue:0","level":"info"}
{"message":"Total apiReq:898 apiRes:860 apiErr:0 apiQue:38 statusDrop:858 errDrop:0 toDb:0 dbReq:0 dbRes:0 dbErr:0 dbQue:0 t:2018-07-08 23:38:15","level":"info"}
{"message":"fex ApiReq:1111 apiRes:1065 apiErr:0 apiQue:46 piston:15 statusDrop:1062 errDrop:0 toDb:1 dbReq:1 DbRes:1 DbErr:0 dbQue:0","level":"info"}
{"message":"ups ApiReq:0 apiRes:0 apiErr:0 apiQue:0 piston:0 statusDrop:0 errDrop:0 toDb:0 dbReq:0 DbRes:0 DbErr:0 dbQue:0","level":"info"}
{"message":"gso ApiReq:0 apiRes:0 apiErr:0 apiQue:0 piston:0 statusDrop:0 errDrop:0 toDb:0 dbReq:0 DbRes:0 DbErr:0 dbQue:0","level":"info"}
{"message":"tps ApiReq:0 apiRes:0 apiErr:0 apiQue:0 piston:0 statusDrop:0 errDrop:0 toDb:0 dbReq:0 DbRes:0 DbErr:0 dbQue:0","level":"info"}
{"message":"Total apiReq:1111 apiRes:1065 apiErr:0 apiQue:46 statusDrop:1062 errDrop:0 toDb:1 dbReq:1 dbRes:1 dbErr:0 dbQue:0 t:2018-07-08 23:38:20","level":"info"}
{"message":"fex ApiReq:1343 apiRes:1296 apiErr:0 apiQue:47 piston:15 statusDrop:1293 errDrop:0 toDb:1 dbReq:1 DbRes:1 DbErr:0 dbQue:0","level":"info"}
{"message":"ups ApiReq:0 apiRes:0 apiErr:0 apiQue:0 piston:0 statusDrop:0 errDrop:0 toDb:0 dbReq:0 DbRes:0 DbErr:0 dbQue:0","level":"info"}
{"message":"gso ApiReq:0 apiRes:0 apiErr:0 apiQue:0 piston:0 statusDrop:0 errDrop:0 toDb:0 dbReq:0 DbRes:0 DbErr:0 dbQue:0","level":"info"}
{"message":"tps ApiReq:0 apiRes:0 apiErr:0 apiQue:0 piston:0 statusDrop:0 errDrop:0 toDb:0 dbReq:0 DbRes:0 DbErr:0 dbQue:0","level":"info"}
{"message":"Total apiReq:1343 apiRes:1296 apiErr:0 apiQue:47 statusDrop:1293 errDrop:0 toDb:1 dbReq:1 dbRes:1 dbErr:0 dbQue:0 t:2018-07-08 23:38:25","level":"info"}
{"message":"fex ApiReq:1541 apiRes:1491 apiErr:0 apiQue:50 piston:15 statusDrop:1487 errDrop:0 toDb:1 dbReq:1 DbRes:1 DbErr:0 dbQue:0","level":"info"}
{"message":"ups ApiReq:0 apiRes:0 apiErr:0 apiQue:0 piston:0 statusDrop:0 errDrop:0 toDb:0 dbReq:0 DbRes:0 DbErr:0 dbQue:0","level":"info"}
{"message":"gso ApiReq:0 apiRes:0 apiErr:0 apiQue:0 piston:0 statusDrop:0 errDrop:0 toDb:0 dbReq:0 DbRes:0 DbErr:0 dbQue:0","level":"info"}
{"message":"tps ApiReq:0 apiRes:0 apiErr:0 apiQue:0 piston:0 statusDrop:0 errDrop:0 toDb:0 dbReq:0 DbRes:0 DbErr:0 dbQue:0","level":"info"}
{"message":"Total apiReq:1541 apiRes:1491 apiErr:0 apiQue:50 statusDrop:1487 errDrop:0 toDb:1 dbReq:1 dbRes:1 dbErr:0 dbQue:0 t:2018-07-08 23:38:30","level":"info"}
{"message":"fex ApiReq:1772 apiRes:1727 apiErr:0 apiQue:45 piston:25 statusDrop:1723 errDrop:0 toDb:1 dbReq:1 DbRes:1 DbErr:0 dbQue:0","level":"info"}
{"message":"ups ApiReq:0 apiRes:0 apiErr:0 apiQue:0 piston:0 statusDrop:0 errDrop:0 toDb:0 dbReq:0 DbRes:0 DbErr:0 dbQue:0","level":"info"}
{"message":"gso ApiReq:0 apiRes:0 apiErr:0 apiQue:0 piston:0 statusDrop:0 errDrop:0 toDb:0 dbReq:0 DbRes:0 DbErr:0 dbQue:0","level":"info"}
{"message":"tps ApiReq:0 apiRes:0 apiErr:0 apiQue:0 piston:0 statusDrop:0 errDrop:0 toDb:0 dbReq:0 DbRes:0 DbErr:0 dbQue:0","level":"info"}
{"message":"Total apiReq:1772 apiRes:1727 apiErr:0 apiQue:45 statusDrop:1723 errDrop:0 toDb:1 dbReq:1 dbRes:1 dbErr:0 dbQue:0 t:2018-07-08 23:38:35","level":"info"}
{"message":"fex ApiReq:1999 apiRes:1955 apiErr:0 apiQue:44 piston:25 statusDrop:1951 errDrop:0 toDb:1 dbReq:1 DbRes:1 DbErr:0 dbQue:0","level":"info"}
{"message":"ups ApiReq:0 apiRes:0 apiErr:0 apiQue:0 piston:0 statusDrop:0 errDrop:0 toDb:0 dbReq:0 DbRes:0 DbErr:0 dbQue:0","level":"info"}
{"message":"gso ApiReq:0 apiRes:0 apiErr:0 apiQue:0 piston:0 statusDrop:0 errDrop:0 toDb:0 dbReq:0 DbRes:0 DbErr:0 dbQue:0","level":"info"}
{"message":"tps ApiReq:0 apiRes:0 apiErr:0 apiQue:0 piston:0 statusDrop:0 errDrop:0 toDb:0 dbReq:0 DbRes:0 DbErr:0 dbQue:0","level":"info"}
{"message":"Total apiReq:1999 apiRes:1955 apiErr:0 apiQue:44 statusDrop:1951 errDrop:0 toDb:1 dbReq:1 dbRes:1 dbErr:0 dbQue:0 t:2018-07-08 23:38:40","level":"info"}
{"message":"fex ApiReq:2226 apiRes:2160 apiErr:0 apiQue:66 piston:15 statusDrop:2155 errDrop:0 toDb:1 dbReq:1 DbRes:1 DbErr:0 dbQue:0","level":"info"}
{"message":"ups ApiReq:0 apiRes:0 apiErr:0 apiQue:0 piston:0 statusDrop:0 errDrop:0 toDb:0 dbReq:0 DbRes:0 DbErr:0 dbQue:0","level":"info"}
{"message":"gso ApiReq:0 apiRes:0 apiErr:0 apiQue:0 piston:0 statusDrop:0 errDrop:0 toDb:0 dbReq:0 DbRes:0 DbErr:0 dbQue:0","level":"info"}
{"message":"tps ApiReq:0 apiRes:0 apiErr:0 apiQue:0 piston:0 statusDrop:0 errDrop:0 toDb:0 dbReq:0 DbRes:0 DbErr:0 dbQue:0","level":"info"}
{"message":"Total apiReq:2226 apiRes:2160 apiErr:0 apiQue:66 statusDrop:2155 errDrop:0 toDb:1 dbReq:1 dbRes:1 dbErr:0 dbQue:0 t:2018-07-08 23:38:45","level":"info"}
{"message":"fex ApiReq:2401 apiRes:2356 apiErr:0 apiQue:45 piston:15 statusDrop:2351 errDrop:0 toDb:1 dbReq:1 DbRes:1 DbErr:0 dbQue:0","level":"info"}
{"message":"ups ApiReq:0 apiRes:0 apiErr:0 apiQue:0 piston:0 statusDrop:0 errDrop:0 toDb:0 dbReq:0 DbRes:0 DbErr:0 dbQue:0","level":"info"}
{"message":"gso ApiReq:0 apiRes:0 apiErr:0 apiQue:0 piston:0 statusDrop:0 errDrop:0 toDb:0 dbReq:0 DbRes:0 DbErr:0 dbQue:0","level":"info"}
{"message":"tps ApiReq:0 apiRes:0 apiErr:0 apiQue:0 piston:0 statusDrop:0 errDrop:0 toDb:0 dbReq:0 DbRes:0 DbErr:0 dbQue:0","level":"info"}
{"message":"Total apiReq:2401 apiRes:2356 apiErr:0 apiQue:45 statusDrop:2351 errDrop:0 toDb:1 dbReq:1 dbRes:1 dbErr:0 dbQue:0 t:2018-07-08 23:38:50","level":"info"}
{"message":"fex ApiReq:2599 apiRes:2552 apiErr:0 apiQue:47 piston:25 statusDrop:2546 errDrop:0 toDb:1 dbReq:1 DbRes:1 DbErr:0 dbQue:0","level":"info"}
{"message":"ups ApiReq:0 apiRes:0 apiErr:0 apiQue:0 piston:0 statusDrop:0 errDrop:0 toDb:0 dbReq:0 DbRes:0 DbErr:0 dbQue:0","level":"info"}
{"message":"gso ApiReq:0 apiRes:0 apiErr:0 apiQue:0 piston:0 statusDrop:0 errDrop:0 toDb:0 dbReq:0 DbRes:0 DbErr:0 dbQue:0","level":"info"}
{"message":"tps ApiReq:0 apiRes:0 apiErr:0 apiQue:0 piston:0 statusDrop:0 errDrop:0 toDb:0 dbReq:0 DbRes:0 DbErr:0 dbQue:0","level":"info"}
{"message":"Total apiReq:2599 apiRes:2552 apiErr:0 apiQue:47 statusDrop:2546 errDrop:0 toDb:1 dbReq:1 dbRes:1 dbErr:0 dbQue:0 t:2018-07-08 23:38:55","level":"info"}
{"message":"fex ApiReq:2801 apiRes:2747 apiErr:0 apiQue:54 piston:25 statusDrop:2741 errDrop:0 toDb:1 dbReq:1 DbRes:1 DbErr:0 dbQue:0","level":"info"}
{"message":"ups ApiReq:0 apiRes:0 apiErr:0 apiQue:0 piston:0 statusDrop:0 errDrop:0 toDb:0 dbReq:0 DbRes:0 DbErr:0 dbQue:0","level":"info"}
{"message":"gso ApiReq:0 apiRes:0 apiErr:0 apiQue:0 piston:0 statusDrop:0 errDrop:0 toDb:0 dbReq:0 DbRes:0 DbErr:0 dbQue:0","level":"info"}
{"message":"tps ApiReq:0 apiRes:0 apiErr:0 apiQue:0 piston:0 statusDrop:0 errDrop:0 toDb:0 dbReq:0 DbRes:0 DbErr:0 dbQue:0","level":"info"}
{"message":"Total apiReq:2801 apiRes:2747 apiErr:0 apiQue:54 statusDrop:2741 errDrop:0 toDb:1 dbReq:1 dbRes:1 dbErr:0 dbQue:0 t:2018-07-08 23:39:00","level":"info"}
{"message":"fex ApiReq:3025 apiRes:2953 apiErr:0 apiQue:72 piston:15 statusDrop:2945 errDrop:0 toDb:1 dbReq:1 DbRes:1 DbErr:0 dbQue:0","level":"info"}
{"message":"ups ApiReq:0 apiRes:0 apiErr:0 apiQue:0 piston:0 statusDrop:0 errDrop:0 toDb:0 dbReq:0 DbRes:0 DbErr:0 dbQue:0","level":"info"}
{"message":"gso ApiReq:0 apiRes:0 apiErr:0 apiQue:0 piston:0 statusDrop:0 errDrop:0 toDb:0 dbReq:0 DbRes:0 DbErr:0 dbQue:0","level":"info"}
{"message":"tps ApiReq:0 apiRes:0 apiErr:0 apiQue:0 piston:0 statusDrop:0 errDrop:0 toDb:0 dbReq:0 DbRes:0 DbErr:0 dbQue:0","level":"info"}
{"message":"Total apiReq:3025 apiRes:2953 apiErr:0 apiQue:72 statusDrop:2945 errDrop:0 toDb:1 dbReq:1 dbRes:1 dbErr:0 dbQue:0 t:2018-07-08 23:39:05","level":"info"}
{"message":"fex ApiReq:3208 apiRes:3153 apiErr:0 apiQue:55 piston:25 statusDrop:3145 errDrop:0 toDb:1 dbReq:1 DbRes:1 DbErr:0 dbQue:0","level":"info"}
{"message":"ups ApiReq:0 apiRes:0 apiErr:0 apiQue:0 piston:0 statusDrop:0 errDrop:0 toDb:0 dbReq:0 DbRes:0 DbErr:0 dbQue:0","level":"info"}
{"message":"gso ApiReq:0 apiRes:0 apiErr:0 apiQue:0 piston:0 statusDrop:0 errDrop:0 toDb:0 dbReq:0 DbRes:0 DbErr:0 dbQue:0","level":"info"}
{"message":"tps ApiReq:0 apiRes:0 apiErr:0 apiQue:0 piston:0 statusDrop:0 errDrop:0 toDb:0 dbReq:0 DbRes:0 DbErr:0 dbQue:0","level":"info"}
{"message":"Total apiReq:3208 apiRes:3153 apiErr:0 apiQue:55 statusDrop:3145 errDrop:0 toDb:1 dbReq:1 dbRes:1 dbErr:0 dbQue:0 t:2018-07-08 23:39:10","level":"info"}
{"message":"fex ApiReq:3385 apiRes:3332 apiErr:0 apiQue:53 piston:25 statusDrop:3324 errDrop:0 toDb:1 dbReq:1 DbRes:1 DbErr:0 dbQue:0","level":"info"}
{"message":"ups ApiReq:0 apiRes:0 apiErr:0 apiQue:0 piston:0 statusDrop:0 errDrop:0 toDb:0 dbReq:0 DbRes:0 DbErr:0 dbQue:0","level":"info"}
{"message":"gso ApiReq:0 apiRes:0 apiErr:0 apiQue:0 piston:0 statusDrop:0 errDrop:0 toDb:0 dbReq:0 DbRes:0 DbErr:0 dbQue:0","level":"info"}
{"message":"tps ApiReq:0 apiRes:0 apiErr:0 apiQue:0 piston:0 statusDrop:0 errDrop:0 toDb:0 dbReq:0 DbRes:0 DbErr:0 dbQue:0","level":"info"}
{"message":"Total apiReq:3385 apiRes:3332 apiErr:0 apiQue:53 statusDrop:3324 errDrop:0 toDb:1 dbReq:1 dbRes:1 dbErr:0 dbQue:0 t:2018-07-08 23:39:15","level":"info"}
{"message":"timeout of 10000ms exceeded. Carrier name:fex, Tracking number:415215314305","level":"info"}
{"message":"fex ApiReq:3576 apiRes:3508 apiErr:1 apiQue:67 piston:15 statusDrop:3500 errDrop:1 toDb:1 dbReq:1 DbRes:1 DbErr:0 dbQue:0","level":"info"}
{"message":"ups ApiReq:0 apiRes:0 apiErr:0 apiQue:0 piston:0 statusDrop:0 errDrop:0 toDb:0 dbReq:0 DbRes:0 DbErr:0 dbQue:0","level":"info"}
{"message":"gso ApiReq:0 apiRes:0 apiErr:0 apiQue:0 piston:0 statusDrop:0 errDrop:0 toDb:0 dbReq:0 DbRes:0 DbErr:0 dbQue:0","level":"info"}
{"message":"tps ApiReq:0 apiRes:0 apiErr:0 apiQue:0 piston:0 statusDrop:0 errDrop:0 toDb:0 dbReq:0 DbRes:0 DbErr:0 dbQue:0","level":"info"}
{"message":"Total apiReq:3576 apiRes:3508 apiErr:1 apiQue:67 statusDrop:3500 errDrop:1 toDb:1 dbReq:1 dbRes:1 dbErr:0 dbQue:0 t:2018-07-08 23:39:20","level":"info"}
{"message":"fex ApiReq:3772 apiRes:3724 apiErr:1 apiQue:47 piston:15 statusDrop:3714 errDrop:1 toDb:1 dbReq:1 DbRes:1 DbErr:0 dbQue:0","level":"info"}
{"message":"ups ApiReq:0 apiRes:0 apiErr:0 apiQue:0 piston:0 statusDrop:0 errDrop:0 toDb:0 dbReq:0 DbRes:0 DbErr:0 dbQue:0","level":"info"}
{"message":"gso ApiReq:0 apiRes:0 apiErr:0 apiQue:0 piston:0 statusDrop:0 errDrop:0 toDb:0 dbReq:0 DbRes:0 DbErr:0 dbQue:0","level":"info"}
{"message":"tps ApiReq:0 apiRes:0 apiErr:0 apiQue:0 piston:0 statusDrop:0 errDrop:0 toDb:0 dbReq:0 DbRes:0 DbErr:0 dbQue:0","level":"info"}
{"message":"Total apiReq:3772 apiRes:3724 apiErr:1 apiQue:47 statusDrop:3714 errDrop:1 toDb:1 dbReq:1 dbRes:1 dbErr:0 dbQue:0 t:2018-07-08 23:39:25","level":"info"}
{"message":"fex ApiReq:3962 apiRes:3909 apiErr:1 apiQue:52 piston:15 statusDrop:3899 errDrop:1 toDb:1 dbReq:1 DbRes:1 DbErr:0 dbQue:0","level":"info"}
{"message":"ups ApiReq:0 apiRes:0 apiErr:0 apiQue:0 piston:0 statusDrop:0 errDrop:0 toDb:0 dbReq:0 DbRes:0 DbErr:0 dbQue:0","level":"info"}
{"message":"gso ApiReq:0 apiRes:0 apiErr:0 apiQue:0 piston:0 statusDrop:0 errDrop:0 toDb:0 dbReq:0 DbRes:0 DbErr:0 dbQue:0","level":"info"}
{"message":"tps ApiReq:0 apiRes:0 apiErr:0 apiQue:0 piston:0 statusDrop:0 errDrop:0 toDb:0 dbReq:0 DbRes:0 DbErr:0 dbQue:0","level":"info"}
{"message":"Total apiReq:3962 apiRes:3909 apiErr:1 apiQue:52 statusDrop:3899 errDrop:1 toDb:1 dbReq:1 dbRes:1 dbErr:0 dbQue:0 t:2018-07-08 23:39:30","level":"info"}
{"message":"fex ApiReq:4181 apiRes:4124 apiErr:1 apiQue:56 piston:25 statusDrop:4114 errDrop:1 toDb:1 dbReq:1 DbRes:1 DbErr:0 dbQue:0","level":"info"}
{"message":"ups ApiReq:0 apiRes:0 apiErr:0 apiQue:0 piston:0 statusDrop:0 errDrop:0 toDb:0 dbReq:0 DbRes:0 DbErr:0 dbQue:0","level":"info"}
{"message":"gso ApiReq:0 apiRes:0 apiErr:0 apiQue:0 piston:0 statusDrop:0 errDrop:0 toDb:0 dbReq:0 DbRes:0 DbErr:0 dbQue:0","level":"info"}
{"message":"tps ApiReq:0 apiRes:0 apiErr:0 apiQue:0 piston:0 statusDrop:0 errDrop:0 toDb:0 dbReq:0 DbRes:0 DbErr:0 dbQue:0","level":"info"}
{"message":"Total apiReq:4181 apiRes:4124 apiErr:1 apiQue:56 statusDrop:4114 errDrop:1 toDb:1 dbReq:1 dbRes:1 dbErr:0 dbQue:0 t:2018-07-08 23:39:35","level":"info"}
{"message":"fex ApiReq:4361 apiRes:4316 apiErr:1 apiQue:44 piston:15 statusDrop:4306 errDrop:1 toDb:1 dbReq:1 DbRes:1 DbErr:0 dbQue:0","level":"info"}
{"message":"ups ApiReq:0 apiRes:0 apiErr:0 apiQue:0 piston:0 statusDrop:0 errDrop:0 toDb:0 dbReq:0 DbRes:0 DbErr:0 dbQue:0","level":"info"}
{"message":"gso ApiReq:0 apiRes:0 apiErr:0 apiQue:0 piston:0 statusDrop:0 errDrop:0 toDb:0 dbReq:0 DbRes:0 DbErr:0 dbQue:0","level":"info"}
{"message":"tps ApiReq:0 apiRes:0 apiErr:0 apiQue:0 piston:0 statusDrop:0 errDrop:0 toDb:0 dbReq:0 DbRes:0 DbErr:0 dbQue:0","level":"info"}
{"message":"Total apiReq:4361 apiRes:4316 apiErr:1 apiQue:44 statusDrop:4306 errDrop:1 toDb:1 dbReq:1 dbRes:1 dbErr:0 dbQue:0 t:2018-07-08 23:39:40","level":"info"}
{"message":"fex ApiReq:4554 apiRes:4502 apiErr:1 apiQue:51 piston:15 statusDrop:4490 errDrop:1 toDb:1 dbReq:1 DbRes:1 DbErr:0 dbQue:0","level":"info"}
{"message":"ups ApiReq:0 apiRes:0 apiErr:0 apiQue:0 piston:0 statusDrop:0 errDrop:0 toDb:0 dbReq:0 DbRes:0 DbErr:0 dbQue:0","level":"info"}
{"message":"gso ApiReq:0 apiRes:0 apiErr:0 apiQue:0 piston:0 statusDrop:0 errDrop:0 toDb:0 dbReq:0 DbRes:0 DbErr:0 dbQue:0","level":"info"}
{"message":"tps ApiReq:0 apiRes:0 apiErr:0 apiQue:0 piston:0 statusDrop:0 errDrop:0 toDb:0 dbReq:0 DbRes:0 DbErr:0 dbQue:0","level":"info"}
{"message":"Total apiReq:4554 apiRes:4502 apiErr:1 apiQue:51 statusDrop:4490 errDrop:1 toDb:1 dbReq:1 dbRes:1 dbErr:0 dbQue:0 t:2018-07-08 23:39:45","level":"info"}
{"message":"fex ApiReq:4729 apiRes:4690 apiErr:1 apiQue:38 piston:15 statusDrop:4678 errDrop:1 toDb:1 dbReq:1 DbRes:1 DbErr:0 dbQue:0","level":"info"}
{"message":"ups ApiReq:0 apiRes:0 apiErr:0 apiQue:0 piston:0 statusDrop:0 errDrop:0 toDb:0 dbReq:0 DbRes:0 DbErr:0 dbQue:0","level":"info"}
{"message":"gso ApiReq:0 apiRes:0 apiErr:0 apiQue:0 piston:0 statusDrop:0 errDrop:0 toDb:0 dbReq:0 DbRes:0 DbErr:0 dbQue:0","level":"info"}
{"message":"tps ApiReq:0 apiRes:0 apiErr:0 apiQue:0 piston:0 statusDrop:0 errDrop:0 toDb:0 dbReq:0 DbRes:0 DbErr:0 dbQue:0","level":"info"}
{"message":"Total apiReq:4729 apiRes:4690 apiErr:1 apiQue:38 statusDrop:4678 errDrop:1 toDb:1 dbReq:1 dbRes:1 dbErr:0 dbQue:0 t:2018-07-08 23:39:50","level":"info"}
{"message":"fex ApiReq:4934 apiRes:4881 apiErr:1 apiQue:52 piston:25 statusDrop:4867 errDrop:1 toDb:1 dbReq:1 DbRes:1 DbErr:0 dbQue:0","level":"info"}
{"message":"ups ApiReq:0 apiRes:0 apiErr:0 apiQue:0 piston:0 statusDrop:0 errDrop:0 toDb:0 dbReq:0 DbRes:0 DbErr:0 dbQue:0","level":"info"}
{"message":"gso ApiReq:0 apiRes:0 apiErr:0 apiQue:0 piston:0 statusDrop:0 errDrop:0 toDb:0 dbReq:0 DbRes:0 DbErr:0 dbQue:0","level":"info"}
{"message":"tps ApiReq:0 apiRes:0 apiErr:0 apiQue:0 piston:0 statusDrop:0 errDrop:0 toDb:0 dbReq:0 DbRes:0 DbErr:0 dbQue:0","level":"info"}
{"message":"Total apiReq:4934 apiRes:4881 apiErr:1 apiQue:52 statusDrop:4867 errDrop:1 toDb:1 dbReq:1 dbRes:1 dbErr:0 dbQue:0 t:2018-07-08 23:39:55","level":"info"}
{"message":"fex ApiReq:5114 apiRes:5066 apiErr:1 apiQue:47 piston:15 statusDrop:5051 errDrop:1 toDb:1 dbReq:1 DbRes:1 DbErr:0 dbQue:0","level":"info"}
{"message":"ups ApiReq:0 apiRes:0 apiErr:0 apiQue:0 piston:0 statusDrop:0 errDrop:0 toDb:0 dbReq:0 DbRes:0 DbErr:0 dbQue:0","level":"info"}
{"message":"gso ApiReq:0 apiRes:0 apiErr:0 apiQue:0 piston:0 statusDrop:0 errDrop:0 toDb:0 dbReq:0 DbRes:0 DbErr:0 dbQue:0","level":"info"}
{"message":"tps ApiReq:0 apiRes:0 apiErr:0 apiQue:0 piston:0 statusDrop:0 errDrop:0 toDb:0 dbReq:0 DbRes:0 DbErr:0 dbQue:0","level":"info"}
{"message":"Total apiReq:5114 apiRes:5066 apiErr:1 apiQue:47 statusDrop:5051 errDrop:1 toDb:1 dbReq:1 dbRes:1 dbErr:0 dbQue:0 t:2018-07-08 23:40:00","level":"info"}
{"message":"fex ApiReq:5307 apiRes:5252 apiErr:1 apiQue:54 piston:25 statusDrop:5237 errDrop:1 toDb:1 dbReq:1 DbRes:1 DbErr:0 dbQue:0","level":"info"}
{"message":"ups ApiReq:0 apiRes:0 apiErr:0 apiQue:0 piston:0 statusDrop:0 errDrop:0 toDb:0 dbReq:0 DbRes:0 DbErr:0 dbQue:0","level":"info"}
{"message":"gso ApiReq:0 apiRes:0 apiErr:0 apiQue:0 piston:0 statusDrop:0 errDrop:0 toDb:0 dbReq:0 DbRes:0 DbErr:0 dbQue:0","level":"info"}
{"message":"tps ApiReq:0 apiRes:0 apiErr:0 apiQue:0 piston:0 statusDrop:0 errDrop:0 toDb:0 dbReq:0 DbRes:0 DbErr:0 dbQue:0","level":"info"}
{"message":"Total apiReq:5307 apiRes:5252 apiErr:1 apiQue:54 statusDrop:5237 errDrop:1 toDb:1 dbReq:1 dbRes:1 dbErr:0 dbQue:0 t:2018-07-08 23:40:05","level":"info"}
{"message":"fex ApiReq:5498 apiRes:5439 apiErr:1 apiQue:58 piston:20 statusDrop:5424 errDrop:1 toDb:1 dbReq:1 DbRes:1 DbErr:0 dbQue:0","level":"info"}
{"message":"ups ApiReq:0 apiRes:0 apiErr:0 apiQue:0 piston:0 statusDrop:0 errDrop:0 toDb:0 dbReq:0 DbRes:0 DbErr:0 dbQue:0","level":"info"}
{"message":"gso ApiReq:0 apiRes:0 apiErr:0 apiQue:0 piston:0 statusDrop:0 errDrop:0 toDb:0 dbReq:0 DbRes:0 DbErr:0 dbQue:0","level":"info"}
{"message":"tps ApiReq:0 apiRes:0 apiErr:0 apiQue:0 piston:0 statusDrop:0 errDrop:0 toDb:0 dbReq:0 DbRes:0 DbErr:0 dbQue:0","level":"info"}
{"message":"Total apiReq:5498 apiRes:5439 apiErr:1 apiQue:58 statusDrop:5424 errDrop:1 toDb:1 dbReq:1 dbRes:1 dbErr:0 dbQue:0 t:2018-07-08 23:40:10","level":"info"}
{"message":"fex ApiReq:5672 apiRes:5620 apiErr:1 apiQue:51 piston:30 statusDrop:5605 errDrop:1 toDb:1 dbReq:1 DbRes:1 DbErr:0 dbQue:0","level":"info"}
{"message":"ups ApiReq:0 apiRes:0 apiErr:0 apiQue:0 piston:0 statusDrop:0 errDrop:0 toDb:0 dbReq:0 DbRes:0 DbErr:0 dbQue:0","level":"info"}
{"message":"gso ApiReq:0 apiRes:0 apiErr:0 apiQue:0 piston:0 statusDrop:0 errDrop:0 toDb:0 dbReq:0 DbRes:0 DbErr:0 dbQue:0","level":"info"}
{"message":"tps ApiReq:0 apiRes:0 apiErr:0 apiQue:0 piston:0 statusDrop:0 errDrop:0 toDb:0 dbReq:0 DbRes:0 DbErr:0 dbQue:0","level":"info"}
{"message":"Total apiReq:5672 apiRes:5620 apiErr:1 apiQue:51 statusDrop:5605 errDrop:1 toDb:1 dbReq:1 dbRes:1 dbErr:0 dbQue:0 t:2018-07-08 23:40:15","level":"info"}
{"message":"fex ApiReq:5861 apiRes:5819 apiErr:1 apiQue:41 piston:20 statusDrop:5804 errDrop:1 toDb:1 dbReq:1 DbRes:1 DbErr:0 dbQue:0","level":"info"}
{"message":"ups ApiReq:0 apiRes:0 apiErr:0 apiQue:0 piston:0 statusDrop:0 errDrop:0 toDb:0 dbReq:0 DbRes:0 DbErr:0 dbQue:0","level":"info"}
{"message":"gso ApiReq:0 apiRes:0 apiErr:0 apiQue:0 piston:0 statusDrop:0 errDrop:0 toDb:0 dbReq:0 DbRes:0 DbErr:0 dbQue:0","level":"info"}
{"message":"tps ApiReq:0 apiRes:0 apiErr:0 apiQue:0 piston:0 statusDrop:0 errDrop:0 toDb:0 dbReq:0 DbRes:0 DbErr:0 dbQue:0","level":"info"}
{"message":"Total apiReq:5861 apiRes:5819 apiErr:1 apiQue:41 statusDrop:5804 errDrop:1 toDb:1 dbReq:1 dbRes:1 dbErr:0 dbQue:0 t:2018-07-08 23:40:20","level":"info"}
{"message":"fex ApiReq:6068 apiRes:6024 apiErr:1 apiQue:43 piston:20 statusDrop:6007 errDrop:1 toDb:1 dbReq:1 DbRes:1 DbErr:0 dbQue:0","level":"info"}
{"message":"ups ApiReq:0 apiRes:0 apiErr:0 apiQue:0 piston:0 statusDrop:0 errDrop:0 toDb:0 dbReq:0 DbRes:0 DbErr:0 dbQue:0","level":"info"}
{"message":"gso ApiReq:0 apiRes:0 apiErr:0 apiQue:0 piston:0 statusDrop:0 errDrop:0 toDb:0 dbReq:0 DbRes:0 DbErr:0 dbQue:0","level":"info"}
{"message":"tps ApiReq:0 apiRes:0 apiErr:0 apiQue:0 piston:0 statusDrop:0 errDrop:0 toDb:0 dbReq:0 DbRes:0 DbErr:0 dbQue:0","level":"info"}
{"message":"Total apiReq:6068 apiRes:6024 apiErr:1 apiQue:43 statusDrop:6007 errDrop:1 toDb:1 dbReq:1 dbRes:1 dbErr:0 dbQue:0 t:2018-07-08 23:40:25","level":"info"}
{"message":"fex ApiReq:6274 apiRes:6234 apiErr:1 apiQue:39 piston:20 statusDrop:6217 errDrop:1 toDb:1 dbReq:1 DbRes:1 DbErr:0 dbQue:0","level":"info"}
{"message":"ups ApiReq:0 apiRes:0 apiErr:0 apiQue:0 piston:0 statusDrop:0 errDrop:0 toDb:0 dbReq:0 DbRes:0 DbErr:0 dbQue:0","level":"info"}
{"message":"gso ApiReq:0 apiRes:0 apiErr:0 apiQue:0 piston:0 statusDrop:0 errDrop:0 toDb:0 dbReq:0 DbRes:0 DbErr:0 dbQue:0","level":"info"}
{"message":"tps ApiReq:0 apiRes:0 apiErr:0 apiQue:0 piston:0 statusDrop:0 errDrop:0 toDb:0 dbReq:0 DbRes:0 DbErr:0 dbQue:0","level":"info"}
{"message":"Total apiReq:6274 apiRes:6234 apiErr:1 apiQue:39 statusDrop:6217 errDrop:1 toDb:1 dbReq:1 dbRes:1 dbErr:0 dbQue:0 t:2018-07-08 23:40:30","level":"info"}
{"message":"fex ApiReq:6469 apiRes:6415 apiErr:1 apiQue:53 piston:30 statusDrop:6395 errDrop:1 toDb:2 dbReq:2 DbRes:2 DbErr:0 dbQue:0","level":"info"}
{"message":"ups ApiReq:0 apiRes:0 apiErr:0 apiQue:0 piston:0 statusDrop:0 errDrop:0 toDb:0 dbReq:0 DbRes:0 DbErr:0 dbQue:0","level":"info"}
{"message":"gso ApiReq:0 apiRes:0 apiErr:0 apiQue:0 piston:0 statusDrop:0 errDrop:0 toDb:0 dbReq:0 DbRes:0 DbErr:0 dbQue:0","level":"info"}
{"message":"tps ApiReq:0 apiRes:0 apiErr:0 apiQue:0 piston:0 statusDrop:0 errDrop:0 toDb:0 dbReq:0 DbRes:0 DbErr:0 dbQue:0","level":"info"}
{"message":"Total apiReq:6469 apiRes:6415 apiErr:1 apiQue:53 statusDrop:6395 errDrop:1 toDb:2 dbReq:2 dbRes:2 dbErr:0 dbQue:0 t:2018-07-08 23:40:35","level":"info"}
{"message":"fex ApiReq:6649 apiRes:6610 apiErr:1 apiQue:38 piston:20 statusDrop:6590 errDrop:1 toDb:2 dbReq:2 DbRes:2 DbErr:0 dbQue:0","level":"info"}
{"message":"ups ApiReq:0 apiRes:0 apiErr:0 apiQue:0 piston:0 statusDrop:0 errDrop:0 toDb:0 dbReq:0 DbRes:0 DbErr:0 dbQue:0","level":"info"}
{"message":"gso ApiReq:0 apiRes:0 apiErr:0 apiQue:0 piston:0 statusDrop:0 errDrop:0 toDb:0 dbReq:0 DbRes:0 DbErr:0 dbQue:0","level":"info"}
{"message":"tps ApiReq:0 apiRes:0 apiErr:0 apiQue:0 piston:0 statusDrop:0 errDrop:0 toDb:0 dbReq:0 DbRes:0 DbErr:0 dbQue:0","level":"info"}
{"message":"Total apiReq:6649 apiRes:6610 apiErr:1 apiQue:38 statusDrop:6590 errDrop:1 toDb:2 dbReq:2 dbRes:2 dbErr:0 dbQue:0 t:2018-07-08 23:40:40","level":"info"}
{"message":"fex ApiReq:6850 apiRes:6811 apiErr:1 apiQue:38 piston:30 statusDrop:6791 errDrop:1 toDb:2 dbReq:2 DbRes:2 DbErr:0 dbQue:0","level":"info"}
{"message":"ups ApiReq:0 apiRes:0 apiErr:0 apiQue:0 piston:0 statusDrop:0 errDrop:0 toDb:0 dbReq:0 DbRes:0 DbErr:0 dbQue:0","level":"info"}
{"message":"gso ApiReq:0 apiRes:0 apiErr:0 apiQue:0 piston:0 statusDrop:0 errDrop:0 toDb:0 dbReq:0 DbRes:0 DbErr:0 dbQue:0","level":"info"}
{"message":"tps ApiReq:0 apiRes:0 apiErr:0 apiQue:0 piston:0 statusDrop:0 errDrop:0 toDb:0 dbReq:0 DbRes:0 DbErr:0 dbQue:0","level":"info"}
{"message":"Total apiReq:6850 apiRes:6811 apiErr:1 apiQue:38 statusDrop:6791 errDrop:1 toDb:2 dbReq:2 dbRes:2 dbErr:0 dbQue:0 t:2018-07-08 23:40:45","level":"info"}
{"message":"fex ApiReq:7059 apiRes:7000 apiErr:1 apiQue:58 piston:10 statusDrop:6980 errDrop:1 toDb:2 dbReq:2 DbRes:2 DbErr:0 dbQue:0","level":"info"}
{"message":"ups ApiReq:0 apiRes:0 apiErr:0 apiQue:0 piston:0 statusDrop:0 errDrop:0 toDb:0 dbReq:0 DbRes:0 DbErr:0 dbQue:0","level":"info"}
{"message":"gso ApiReq:0 apiRes:0 apiErr:0 apiQue:0 piston:0 statusDrop:0 errDrop:0 toDb:0 dbReq:0 DbRes:0 DbErr:0 dbQue:0","level":"info"}
{"message":"tps ApiReq:0 apiRes:0 apiErr:0 apiQue:0 piston:0 statusDrop:0 errDrop:0 toDb:0 dbReq:0 DbRes:0 DbErr:0 dbQue:0","level":"info"}
{"message":"Total apiReq:7059 apiRes:7000 apiErr:1 apiQue:58 statusDrop:6980 errDrop:1 toDb:2 dbReq:2 dbRes:2 dbErr:0 dbQue:0 t:2018-07-08 23:40:50","level":"info"}
{"message":"fex ApiReq:7264 apiRes:7226 apiErr:1 apiQue:37 piston:20 statusDrop:7206 errDrop:1 toDb:2 dbReq:2 DbRes:2 DbErr:0 dbQue:0","level":"info"}
{"message":"ups ApiReq:0 apiRes:0 apiErr:0 apiQue:0 piston:0 statusDrop:0 errDrop:0 toDb:0 dbReq:0 DbRes:0 DbErr:0 dbQue:0","level":"info"}
{"message":"gso ApiReq:0 apiRes:0 apiErr:0 apiQue:0 piston:0 statusDrop:0 errDrop:0 toDb:0 dbReq:0 DbRes:0 DbErr:0 dbQue:0","level":"info"}
{"message":"tps ApiReq:0 apiRes:0 apiErr:0 apiQue:0 piston:0 statusDrop:0 errDrop:0 toDb:0 dbReq:0 DbRes:0 DbErr:0 dbQue:0","level":"info"}
{"message":"Total apiReq:7264 apiRes:7226 apiErr:1 apiQue:37 statusDrop:7206 errDrop:1 toDb:2 dbReq:2 dbRes:2 dbErr:0 dbQue:0 t:2018-07-08 23:40:55","level":"info"}
{"message":"fex ApiReq:7489 apiRes:7428 apiErr:1 apiQue:60 piston:10 statusDrop:7408 errDrop:1 toDb:2 dbReq:2 DbRes:2 DbErr:0 dbQue:0","level":"info"}
{"message":"ups ApiReq:0 apiRes:0 apiErr:0 apiQue:0 piston:0 statusDrop:0 errDrop:0 toDb:0 dbReq:0 DbRes:0 DbErr:0 dbQue:0","level":"info"}
{"message":"gso ApiReq:0 apiRes:0 apiErr:0 apiQue:0 piston:0 statusDrop:0 errDrop:0 toDb:0 dbReq:0 DbRes:0 DbErr:0 dbQue:0","level":"info"}
{"message":"tps ApiReq:0 apiRes:0 apiErr:0 apiQue:0 piston:0 statusDrop:0 errDrop:0 toDb:0 dbReq:0 DbRes:0 DbErr:0 dbQue:0","level":"info"}
{"message":"Total apiReq:7489 apiRes:7428 apiErr:1 apiQue:60 statusDrop:7408 errDrop:1 toDb:2 dbReq:2 dbRes:2 dbErr:0 dbQue:0 t:2018-07-08 23:41:00","level":"info"}
{"message":"fex ApiReq:7684 apiRes:7646 apiErr:1 apiQue:37 piston:20 statusDrop:7625 errDrop:1 toDb:2 dbReq:2 DbRes:2 DbErr:0 dbQue:0","level":"info"}
{"message":"ups ApiReq:0 apiRes:0 apiErr:0 apiQue:0 piston:0 statusDrop:0 errDrop:0 toDb:0 dbReq:0 DbRes:0 DbErr:0 dbQue:0","level":"info"}
{"message":"gso ApiReq:0 apiRes:0 apiErr:0 apiQue:0 piston:0 statusDrop:0 errDrop:0 toDb:0 dbReq:0 DbRes:0 DbErr:0 dbQue:0","level":"info"}
{"message":"tps ApiReq:0 apiRes:0 apiErr:0 apiQue:0 piston:0 statusDrop:0 errDrop:0 toDb:0 dbReq:0 DbRes:0 DbErr:0 dbQue:0","level":"info"}
{"message":"Total apiReq:7684 apiRes:7646 apiErr:1 apiQue:37 statusDrop:7625 errDrop:1 toDb:2 dbReq:2 dbRes:2 dbErr:0 dbQue:0 t:2018-07-08 23:41:05","level":"info"}
{"message":"fex ApiReq:7893 apiRes:7848 apiErr:1 apiQue:44 piston:20 statusDrop:7827 errDrop:1 toDb:2 dbReq:2 DbRes:2 DbErr:0 dbQue:0","level":"info"}
{"message":"ups ApiReq:0 apiRes:0 apiErr:0 apiQue:0 piston:0 statusDrop:0 errDrop:0 toDb:0 dbReq:0 DbRes:0 DbErr:0 dbQue:0","level":"info"}
{"message":"gso ApiReq:0 apiRes:0 apiErr:0 apiQue:0 piston:0 statusDrop:0 errDrop:0 toDb:0 dbReq:0 DbRes:0 DbErr:0 dbQue:0","level":"info"}
{"message":"tps ApiReq:0 apiRes:0 apiErr:0 apiQue:0 piston:0 statusDrop:0 errDrop:0 toDb:0 dbReq:0 DbRes:0 DbErr:0 dbQue:0","level":"info"}
{"message":"Total apiReq:7893 apiRes:7848 apiErr:1 apiQue:44 statusDrop:7827 errDrop:1 toDb:2 dbReq:2 dbRes:2 dbErr:0 dbQue:0 t:2018-07-08 23:41:10","level":"info"}
{"message":"fex ApiReq:8072 apiRes:8031 apiErr:1 apiQue:40 piston:20 statusDrop:8010 errDrop:1 toDb:2 dbReq:2 DbRes:2 DbErr:0 dbQue:0","level":"info"}
{"message":"ups ApiReq:0 apiRes:0 apiErr:0 apiQue:0 piston:0 statusDrop:0 errDrop:0 toDb:0 dbReq:0 DbRes:0 DbErr:0 dbQue:0","level":"info"}
{"message":"gso ApiReq:0 apiRes:0 apiErr:0 apiQue:0 piston:0 statusDrop:0 errDrop:0 toDb:0 dbReq:0 DbRes:0 DbErr:0 dbQue:0","level":"info"}
{"message":"tps ApiReq:0 apiRes:0 apiErr:0 apiQue:0 piston:0 statusDrop:0 errDrop:0 toDb:0 dbReq:0 DbRes:0 DbErr:0 dbQue:0","level":"info"}
{"message":"Total apiReq:8072 apiRes:8031 apiErr:1 apiQue:40 statusDrop:8010 errDrop:1 toDb:2 dbReq:2 dbRes:2 dbErr:0 dbQue:0 t:2018-07-08 23:41:15","level":"info"}
{"message":"fex ApiReq:8264 apiRes:8206 apiErr:1 apiQue:57 piston:20 statusDrop:8184 errDrop:1 toDb:2 dbReq:2 DbRes:2 DbErr:0 dbQue:0","level":"info"}
{"message":"ups ApiReq:0 apiRes:0 apiErr:0 apiQue:0 piston:0 statusDrop:0 errDrop:0 toDb:0 dbReq:0 DbRes:0 DbErr:0 dbQue:0","level":"info"}
{"message":"gso ApiReq:0 apiRes:0 apiErr:0 apiQue:0 piston:0 statusDrop:0 errDrop:0 toDb:0 dbReq:0 DbRes:0 DbErr:0 dbQue:0","level":"info"}
{"message":"tps ApiReq:0 apiRes:0 apiErr:0 apiQue:0 piston:0 statusDrop:0 errDrop:0 toDb:0 dbReq:0 DbRes:0 DbErr:0 dbQue:0","level":"info"}
{"message":"Total apiReq:8264 apiRes:8206 apiErr:1 apiQue:57 statusDrop:8184 errDrop:1 toDb:2 dbReq:2 dbRes:2 dbErr:0 dbQue:0 t:2018-07-08 23:41:20","level":"info"}
{"message":"fex ApiReq:8453 apiRes:8396 apiErr:1 apiQue:56 piston:20 statusDrop:8374 errDrop:1 toDb:2 dbReq:2 DbRes:2 DbErr:0 dbQue:0","level":"info"}
{"message":"ups ApiReq:0 apiRes:0 apiErr:0 apiQue:0 piston:0 statusDrop:0 errDrop:0 toDb:0 dbReq:0 DbRes:0 DbErr:0 dbQue:0","level":"info"}
{"message":"gso ApiReq:0 apiRes:0 apiErr:0 apiQue:0 piston:0 statusDrop:0 errDrop:0 toDb:0 dbReq:0 DbRes:0 DbErr:0 dbQue:0","level":"info"}
{"message":"tps ApiReq:0 apiRes:0 apiErr:0 apiQue:0 piston:0 statusDrop:0 errDrop:0 toDb:0 dbReq:0 DbRes:0 DbErr:0 dbQue:0","level":"info"}
{"message":"Total apiReq:8453 apiRes:8396 apiErr:1 apiQue:56 statusDrop:8374 errDrop:1 toDb:2 dbReq:2 dbRes:2 dbErr:0 dbQue:0 t:2018-07-08 23:41:25","level":"info"}
{"message":"fex ApiReq:8631 apiRes:8577 apiErr:1 apiQue:53 piston:20 statusDrop:8555 errDrop:1 toDb:2 dbReq:2 DbRes:2 DbErr:0 dbQue:0","level":"info"}
{"message":"ups ApiReq:0 apiRes:0 apiErr:0 apiQue:0 piston:0 statusDrop:0 errDrop:0 toDb:0 dbReq:0 DbRes:0 DbErr:0 dbQue:0","level":"info"}
{"message":"gso ApiReq:0 apiRes:0 apiErr:0 apiQue:0 piston:0 statusDrop:0 errDrop:0 toDb:0 dbReq:0 DbRes:0 DbErr:0 dbQue:0","level":"info"}
{"message":"tps ApiReq:0 apiRes:0 apiErr:0 apiQue:0 piston:0 statusDrop:0 errDrop:0 toDb:0 dbReq:0 DbRes:0 DbErr:0 dbQue:0","level":"info"}
{"message":"Total apiReq:8631 apiRes:8577 apiErr:1 apiQue:53 statusDrop:8555 errDrop:1 toDb:2 dbReq:2 dbRes:2 dbErr:0 dbQue:0 t:2018-07-08 23:41:30","level":"info"}
{"message":"fex ApiReq:8810 apiRes:8766 apiErr:1 apiQue:43 piston:20 statusDrop:8744 errDrop:1 toDb:2 dbReq:2 DbRes:2 DbErr:0 dbQue:0","level":"info"}
{"message":"ups ApiReq:0 apiRes:0 apiErr:0 apiQue:0 piston:0 statusDrop:0 errDrop:0 toDb:0 dbReq:0 DbRes:0 DbErr:0 dbQue:0","level":"info"}
{"message":"gso ApiReq:0 apiRes:0 apiErr:0 apiQue:0 piston:0 statusDrop:0 errDrop:0 toDb:0 dbReq:0 DbRes:0 DbErr:0 dbQue:0","level":"info"}
{"message":"tps ApiReq:0 apiRes:0 apiErr:0 apiQue:0 piston:0 statusDrop:0 errDrop:0 toDb:0 dbReq:0 DbRes:0 DbErr:0 dbQue:0","level":"info"}
{"message":"Total apiReq:8810 apiRes:8766 apiErr:1 apiQue:43 statusDrop:8744 errDrop:1 toDb:2 dbReq:2 dbRes:2 dbErr:0 dbQue:0 t:2018-07-08 23:41:35","level":"info"}
{"message":"fex ApiReq:9000 apiRes:8958 apiErr:1 apiQue:41 piston:30 statusDrop:8936 errDrop:1 toDb:2 dbReq:2 DbRes:2 DbErr:0 dbQue:0","level":"info"}
{"message":"ups ApiReq:0 apiRes:0 apiErr:0 apiQue:0 piston:0 statusDrop:0 errDrop:0 toDb:0 dbReq:0 DbRes:0 DbErr:0 dbQue:0","level":"info"}
{"message":"gso ApiReq:0 apiRes:0 apiErr:0 apiQue:0 piston:0 statusDrop:0 errDrop:0 toDb:0 dbReq:0 DbRes:0 DbErr:0 dbQue:0","level":"info"}
{"message":"tps ApiReq:0 apiRes:0 apiErr:0 apiQue:0 piston:0 statusDrop:0 errDrop:0 toDb:0 dbReq:0 DbRes:0 DbErr:0 dbQue:0","level":"info"}
{"message":"Total apiReq:9000 apiRes:8958 apiErr:1 apiQue:41 statusDrop:8936 errDrop:1 toDb:2 dbReq:2 dbRes:2 dbErr:0 dbQue:0 t:2018-07-08 23:41:40","level":"info"}
{"message":"fex ApiReq:9184 apiRes:9148 apiErr:1 apiQue:35 piston:30 statusDrop:9125 errDrop:1 toDb:2 dbReq:2 DbRes:2 DbErr:0 dbQue:0","level":"info"}
{"message":"ups ApiReq:0 apiRes:0 apiErr:0 apiQue:0 piston:0 statusDrop:0 errDrop:0 toDb:0 dbReq:0 DbRes:0 DbErr:0 dbQue:0","level":"info"}
{"message":"gso ApiReq:0 apiRes:0 apiErr:0 apiQue:0 piston:0 statusDrop:0 errDrop:0 toDb:0 dbReq:0 DbRes:0 DbErr:0 dbQue:0","level":"info"}
{"message":"tps ApiReq:0 apiRes:0 apiErr:0 apiQue:0 piston:0 statusDrop:0 errDrop:0 toDb:0 dbReq:0 DbRes:0 DbErr:0 dbQue:0","level":"info"}
{"message":"Total apiReq:9184 apiRes:9148 apiErr:1 apiQue:35 statusDrop:9125 errDrop:1 toDb:2 dbReq:2 dbRes:2 dbErr:0 dbQue:0 t:2018-07-08 23:41:45","level":"info"}
{"message":"fex ApiReq:9373 apiRes:9327 apiErr:1 apiQue:45 piston:20 statusDrop:9303 errDrop:1 toDb:2 dbReq:2 DbRes:2 DbErr:0 dbQue:0","level":"info"}
{"message":"ups ApiReq:0 apiRes:0 apiErr:0 apiQue:0 piston:0 statusDrop:0 errDrop:0 toDb:0 dbReq:0 DbRes:0 DbErr:0 dbQue:0","level":"info"}
{"message":"gso ApiReq:0 apiRes:0 apiErr:0 apiQue:0 piston:0 statusDrop:0 errDrop:0 toDb:0 dbReq:0 DbRes:0 DbErr:0 dbQue:0","level":"info"}
{"message":"tps ApiReq:0 apiRes:0 apiErr:0 apiQue:0 piston:0 statusDrop:0 errDrop:0 toDb:0 dbReq:0 DbRes:0 DbErr:0 dbQue:0","level":"info"}
{"message":"Total apiReq:9373 apiRes:9327 apiErr:1 apiQue:45 statusDrop:9303 errDrop:1 toDb:2 dbReq:2 dbRes:2 dbErr:0 dbQue:0 t:2018-07-08 23:41:50","level":"info"}
{"message":"fex ApiReq:9586 apiRes:9537 apiErr:1 apiQue:48 piston:30 statusDrop:9512 errDrop:1 toDb:2 dbReq:2 DbRes:2 DbErr:0 dbQue:0","level":"info"}
{"message":"ups ApiReq:0 apiRes:0 apiErr:0 apiQue:0 piston:0 statusDrop:0 errDrop:0 toDb:0 dbReq:0 DbRes:0 DbErr:0 dbQue:0","level":"info"}
{"message":"gso ApiReq:0 apiRes:0 apiErr:0 apiQue:0 piston:0 statusDrop:0 errDrop:0 toDb:0 dbReq:0 DbRes:0 DbErr:0 dbQue:0","level":"info"}
{"message":"tps ApiReq:0 apiRes:0 apiErr:0 apiQue:0 piston:0 statusDrop:0 errDrop:0 toDb:0 dbReq:0 DbRes:0 DbErr:0 dbQue:0","level":"info"}
{"message":"Total apiReq:9586 apiRes:9537 apiErr:1 apiQue:48 statusDrop:9512 errDrop:1 toDb:2 dbReq:2 dbRes:2 dbErr:0 dbQue:0 t:2018-07-08 23:41:55","level":"info"}
{"message":"fex ApiReq:9778 apiRes:9725 apiErr:1 apiQue:52 piston:20 statusDrop:9699 errDrop:1 toDb:2 dbReq:2 DbRes:2 DbErr:0 dbQue:0","level":"info"}
{"message":"ups ApiReq:0 apiRes:0 apiErr:0 apiQue:0 piston:0 statusDrop:0 errDrop:0 toDb:0 dbReq:0 DbRes:0 DbErr:0 dbQue:0","level":"info"}
{"message":"gso ApiReq:0 apiRes:0 apiErr:0 apiQue:0 piston:0 statusDrop:0 errDrop:0 toDb:0 dbReq:0 DbRes:0 DbErr:0 dbQue:0","level":"info"}
{"message":"tps ApiReq:0 apiRes:0 apiErr:0 apiQue:0 piston:0 statusDrop:0 errDrop:0 toDb:0 dbReq:0 DbRes:0 DbErr:0 dbQue:0","level":"info"}
{"message":"Total apiReq:9778 apiRes:9725 apiErr:1 apiQue:52 statusDrop:9699 errDrop:1 toDb:2 dbReq:2 dbRes:2 dbErr:0 dbQue:0 t:2018-07-08 23:42:00","level":"info"}
{"message":"fex ApiReq:9961 apiRes:9918 apiErr:1 apiQue:42 piston:20 statusDrop:9891 errDrop:1 toDb:2 dbReq:2 DbRes:2 DbErr:0 dbQue:0","level":"info"}
{"message":"ups ApiReq:0 apiRes:0 apiErr:0 apiQue:0 piston:0 statusDrop:0 errDrop:0 toDb:0 dbReq:0 DbRes:0 DbErr:0 dbQue:0","level":"info"}
{"message":"gso ApiReq:0 apiRes:0 apiErr:0 apiQue:0 piston:0 statusDrop:0 errDrop:0 toDb:0 dbReq:0 DbRes:0 DbErr:0 dbQue:0","level":"info"}
{"message":"tps ApiReq:0 apiRes:0 apiErr:0 apiQue:0 piston:0 statusDrop:0 errDrop:0 toDb:0 dbReq:0 DbRes:0 DbErr:0 dbQue:0","level":"info"}
{"message":"Total apiReq:9961 apiRes:9918 apiErr:1 apiQue:42 statusDrop:9891 errDrop:1 toDb:2 dbReq:2 dbRes:2 dbErr:0 dbQue:0 t:2018-07-08 23:42:05","level":"info"}
{"message":"fex ApiReq:10025 apiRes:10024 apiErr:1 apiQue:0 piston:0 statusDrop:9997 errDrop:1 toDb:2 dbReq:2 DbRes:2 DbErr:0 dbQue:0","level":"info"}
{"message":"ups ApiReq:0 apiRes:0 apiErr:0 apiQue:0 piston:0 statusDrop:0 errDrop:0 toDb:0 dbReq:0 DbRes:0 DbErr:0 dbQue:0","level":"info"}
{"message":"gso ApiReq:0 apiRes:0 apiErr:0 apiQue:0 piston:0 statusDrop:0 errDrop:0 toDb:0 dbReq:0 DbRes:0 DbErr:0 dbQue:0","level":"info"}
{"message":"tps ApiReq:0 apiRes:0 apiErr:0 apiQue:0 piston:0 statusDrop:0 errDrop:0 toDb:0 dbReq:0 DbRes:0 DbErr:0 dbQue:0","level":"info"}
{"message":"Total apiReq:10025 apiRes:10024 apiErr:1 apiQue:0 statusDrop:9997 errDrop:1 toDb:2 dbReq:2 dbRes:2 dbErr:0 dbQue:0 t:2018-07-08 23:42:10","level":"info"}
{"message":"Mandrill mail sent","level":"info"}
