{"message":"New Job started at 2018-07-08T04:02:11.359Z","level":"info"}
{"message":"gso Item Count: 873","level":"info"}
{"message":"fex Item Count: 9","level":"info"}
{"message":"ups Item Count: 87","level":"info"}
{"message":"tps Item Count: 31","level":"info"}
{"message":"Request failed with status code 400. Carrier name:gso, Tracking number:508741111112449","level":"info"}
{"message":"Request failed with status code 400. Carrier name:gso, Tracking number:508741111112415","level":"info"}
{"message":"Request failed with status code 400. Carrier name:gso, Tracking number:508741111112370","level":"info"}
{"message":"Request failed with status code 400. Carrier name:gso, Tracking number:508741111112347","level":"info"}
{"message":"Request failed with status code 400. Carrier name:gso, Tracking number:508741111112343","level":"info"}
{"message":"Request failed with status code 400. Carrier name:gso, Tracking number:508741111112588","level":"info"}
{"message":"Request failed with status code 400. Carrier name:gso, Tracking number:508741111112598","level":"info"}
{"message":"fex ApiReq:9 ApiRes:9 ApiErr:0 ApiQue:0 Piston:0 ToDb:5 DbReq:4 DbRes:4 DbErr:0 DbQue:1","level":"info"}
{"message":"ups ApiReq:87 ApiRes:87 ApiErr:0 ApiQue:0 Piston:0 ToDb:77 DbReq:75 DbRes:75 DbErr:0 DbQue:2","level":"info"}
{"message":"gso ApiReq:423 ApiRes:370 ApiErr:7 ApiQue:46 Piston:25 ToDb:220 DbReq:195 DbRes:195 DbErr:0 DbQue:25","level":"info"}
{"message":"tps ApiReq:31 ApiRes:31 ApiErr:0 ApiQue:0 Piston:0 ToDb:31 DbReq:31 DbRes:31 DbErr:0 DbQue:0","level":"info"}
{"message":"Total apiReq:550 apiRes:497 apiErr:7 apiQue:46 toDb:333 dbReq:305 dbRes:305 dbErr:0 dbQue:28 time:2018-07-08T09:32:24+05:30","level":"info"}
{"message":"fex ApiReq:9 ApiRes:9 ApiErr:0 ApiQue:0 Piston:0 ToDb:7 DbReq:7 DbRes:7 DbErr:0 DbQue:0","level":"info"}
{"message":"ups ApiReq:87 ApiRes:87 ApiErr:0 ApiQue:0 Piston:0 ToDb:84 DbReq:83 DbRes:83 DbErr:0 DbQue:1","level":"info"}
{"message":"gso ApiReq:871 ApiRes:811 ApiErr:7 ApiQue:53 Piston:15 ToDb:576 DbReq:549 DbRes:549 DbErr:0 DbQue:27","level":"info"}
{"message":"tps ApiReq:31 ApiRes:31 ApiErr:0 ApiQue:0 Piston:0 ToDb:31 DbReq:31 DbRes:31 DbErr:0 DbQue:0","level":"info"}
{"message":"Total apiReq:998 apiRes:938 apiErr:7 apiQue:53 toDb:698 dbReq:670 dbRes:670 dbErr:0 dbQue:28 time:2018-07-08T09:32:34+05:30","level":"info"}
{"message":"fex ApiReq:9 ApiRes:9 ApiErr:0 ApiQue:0 Piston:0 ToDb:9 DbReq:9 DbRes:9 DbErr:0 DbQue:0","level":"info"}
{"message":"ups ApiReq:87 ApiRes:87 ApiErr:0 ApiQue:0 Piston:0 ToDb:87 DbReq:87 DbRes:87 DbErr:0 DbQue:0","level":"info"}
{"message":"gso ApiReq:873 ApiRes:866 ApiErr:7 ApiQue:0 Piston:0 ToDb:873 DbReq:873 DbRes:873 DbErr:0 DbQue:0","level":"info"}
{"message":"tps ApiReq:31 ApiRes:31 ApiErr:0 ApiQue:0 Piston:0 ToDb:31 DbReq:31 DbRes:31 DbErr:0 DbQue:0","level":"info"}
{"message":"Total apiReq:1000 apiRes:993 apiErr:7 apiQue:0 toDb:1000 dbReq:1000 dbRes:1000 dbErr:0 dbQue:0 time:2018-07-08T09:32:44+05:30","level":"info"}
{"message":"Mandrill mail sent","level":"info"}
