{"message":"New Job started at 2018-07-08 10:00:29","level":"info"}
{"message":"gso Item Count: 873","level":"info"}
{"message":"fex Item Count: 9","level":"info"}
{"message":"ups Item Count: 87","level":"info"}
{"message":"tps Item Count: 31","level":"info"}
{"message":"Request failed with status code 400. Carrier name:gso, Tracking number:508741111112449","level":"info"}
{"message":"Request failed with status code 400. Carrier name:gso, Tracking number:508741111112415","level":"info"}
{"message":"Request failed with status code 400. Carrier name:gso, Tracking number:508741111112370","level":"info"}
{"message":"Request failed with status code 400. Carrier name:gso, Tracking number:508741111112347","level":"info"}
{"message":"Request failed with status code 400. Carrier name:gso, Tracking number:508741111112343","level":"info"}
{"message":"Request failed with status code 400. Carrier name:gso, Tracking number:508741111112588","level":"info"}
{"message":"Request failed with status code 400. Carrier name:gso, Tracking number:508741111112598","level":"info"}
{"message":"fex ApiReq:9 ApiRes:9 ApiErr:0 ApiQue:0 Piston:0 ToDb:4 DbReq:3 DbRes:3 DbErr:0 DbQue:1","level":"info"}
{"message":"ups ApiReq:87 ApiRes:87 ApiErr:0 ApiQue:0 Piston:0 ToDb:56 DbReq:56 DbRes:56 DbErr:0 DbQue:0","level":"info"}
{"message":"gso ApiReq:309 ApiRes:240 ApiErr:7 ApiQue:62 Piston:20 ToDb:132 DbReq:105 DbRes:105 DbErr:0 DbQue:27","level":"info"}
{"message":"tps ApiReq:31 ApiRes:31 ApiErr:0 ApiQue:0 Piston:0 ToDb:31 DbReq:31 DbRes:31 DbErr:0 DbQue:0","level":"info"}
{"message":"Total apiReq:436 apiRes:367 apiErr:7 apiQue:62 toDb:223 dbReq:195 dbRes:195 dbErr:0 dbQue:28 time:2018-07-08 10:00:39","level":"info"}
{"message":"fex ApiReq:9 ApiRes:9 ApiErr:0 ApiQue:0 Piston:0 ToDb:9 DbReq:9 DbRes:9 DbErr:0 DbQue:0","level":"info"}
{"message":"ups ApiReq:87 ApiRes:87 ApiErr:0 ApiQue:0 Piston:0 ToDb:77 DbReq:77 DbRes:77 DbErr:0 DbQue:0","level":"info"}
{"message":"gso ApiReq:613 ApiRes:559 ApiErr:7 ApiQue:47 Piston:30 ToDb:367 DbReq:339 DbRes:339 DbErr:0 DbQue:28","level":"info"}
{"message":"tps ApiReq:31 ApiRes:31 ApiErr:0 ApiQue:0 Piston:0 ToDb:31 DbReq:31 DbRes:31 DbErr:0 DbQue:0","level":"info"}
{"message":"Total apiReq:740 apiRes:686 apiErr:7 apiQue:47 toDb:484 dbReq:456 dbRes:456 dbErr:0 dbQue:28 time:2018-07-08 10:00:46","level":"info"}
{"message":"fex ApiReq:9 ApiRes:9 ApiErr:0 ApiQue:0 Piston:0 ToDb:9 DbReq:9 DbRes:9 DbErr:0 DbQue:0","level":"info"}
{"message":"ups ApiReq:87 ApiRes:87 ApiErr:0 ApiQue:0 Piston:0 ToDb:80 DbReq:80 DbRes:80 DbErr:0 DbQue:0","level":"info"}
{"message":"gso ApiReq:873 ApiRes:854 ApiErr:7 ApiQue:12 Piston:10 ToDb:628 DbReq:600 DbRes:600 DbErr:0 DbQue:28","level":"info"}
{"message":"tps ApiReq:31 ApiRes:31 ApiErr:0 ApiQue:0 Piston:0 ToDb:31 DbReq:31 DbRes:31 DbErr:0 DbQue:0","level":"info"}
{"message":"Total apiReq:1000 apiRes:981 apiErr:7 apiQue:12 toDb:748 dbReq:720 dbRes:720 dbErr:0 dbQue:28 time:2018-07-08 10:00:53","level":"info"}
{"message":"fex ApiReq:9 ApiRes:9 ApiErr:0 ApiQue:0 Piston:0 ToDb:9 DbReq:9 DbRes:9 DbErr:0 DbQue:0","level":"info"}
{"message":"ups ApiReq:87 ApiRes:87 ApiErr:0 ApiQue:0 Piston:0 ToDb:87 DbReq:87 DbRes:87 DbErr:0 DbQue:0","level":"info"}
{"message":"gso ApiReq:873 ApiRes:866 ApiErr:7 ApiQue:0 Piston:0 ToDb:857 DbReq:857 DbRes:857 DbErr:0 DbQue:0","level":"info"}
{"message":"tps ApiReq:31 ApiRes:31 ApiErr:0 ApiQue:0 Piston:0 ToDb:31 DbReq:31 DbRes:31 DbErr:0 DbQue:0","level":"info"}
{"message":"Total apiReq:1000 apiRes:993 apiErr:7 apiQue:0 toDb:984 dbReq:984 dbRes:984 dbErr:0 dbQue:0 time:2018-07-08 10:01:00","level":"info"}
{"message":"Mandrill mail sent","level":"info"}
