{"message":"New Job started at 2018-07-10 22:56:50","level":"info"}
{"message":"gso Item Count: 33","level":"info"}
{"message":"fex Item Count: 5","level":"info"}
{"message":"ups Item Count: 62","level":"info"}
{"message":"UPS:1Z143E47A833333803 No tracking information available","level":"info"}
{"message":"UPS:1Z143E62A833333945 No tracking information available","level":"info"}
{"message":"UPS:1Z143E47A833333787 No tracking information available","level":"info"}
{"message":"UPS:1Z143E62A833333865 No tracking information available","level":"info"}
{"message":"UPS:1Z143E62A833333810 No tracking information available","level":"info"}
{"message":"UPS:1Z143E62A833333874 No tracking information available","level":"info"}
{"message":"UPS:1Z143E47A833333796 No tracking information available","level":"info"}
{"message":"UPS:1Z6Y55F5A833333734 No tracking information available","level":"info"}
{"message":"UPS:1Z6Y55F5A833333725 No tracking information available","level":"info"}
{"message":"UPS:1Z143E62A833333829 No tracking information available","level":"info"}
{"message":"UPS:1Z143E62A833333972 No tracking information available","level":"info"}
{"message":"UPS:1Z143E47A833333830 No tracking information available","level":"info"}
{"message":"UPS:1Z143E62A833333981 No tracking information available","level":"info"}
{"message":"UPS:1Z6Y55F5A833333823 No tracking information available","level":"info"}
{"message":"UPS:1Z143E62A833333856 No tracking information available","level":"info"}
{"message":"UPS:1Z143E62A833333936 No tracking information available","level":"info"}
{"message":"UPS:1Z1716X4A833333608 No tracking information available","level":"info"}
{"message":"UPS:1Z1716X4A833333555 No tracking information available","level":"info"}
{"message":"UPS:1Z1716X4A833333528 No tracking information available","level":"info"}
{"message":"UPS:1Z143E62A833333847 No tracking information available","level":"info"}
{"message":"UPS:1Z6Y55F5A833333716 No tracking information available","level":"info"}
{"message":"UPS:1Z143E62A833333838 No tracking information available","level":"info"}
{"message":"UPS:1Z1716X4A833333537 No tracking information available","level":"info"}
{"message":"UPS:1Z6Y55F5A833333761 No tracking information available","level":"info"}
{"message":"UPS:1Z1716X4A833333591 No tracking information available","level":"info"}
{"message":"UPS:1Z6Y55F5A833333789 No tracking information available","level":"info"}
{"message":"UPS:1Z6Y55F5A833333814 No tracking information available","level":"info"}
{"message":"UPS:1Z6Y55F5A833333805 No tracking information available","level":"info"}
{"message":"UPS:1Z143E62A833333963 No tracking information available","level":"info"}
{"message":"UPS:1Z143E62A833333892 No tracking information available","level":"info"}
{"message":"UPS:1Z143E62A833333883 No tracking information available","level":"info"}
{"message":"UPS:1Z143E47A833333821 No tracking information available","level":"info"}
{"message":"UPS:1Z143E47A833333849 No tracking information available","level":"info"}
{"message":"UPS:1Z143E62A833333927 No tracking information available","level":"info"}
{"message":"UPS:1Z6Y55F5A833333878 No tracking information available","level":"info"}
{"message":"UPS:1Z6Y55F5A833333752 No tracking information available","level":"info"}
{"message":"UPS:1Z143E47A833333812 No tracking information available","level":"info"}
{"message":"UPS:1Z143E62A833333918 No tracking information available","level":"info"}
{"message":"UPS:1Z6Y55F5A833333743 No tracking information available","level":"info"}
{"message":"UPS:1Z1716X4A833333626 No tracking information available","level":"info"}
{"message":"UPS:1Z1716X4A833333582 No tracking information available","level":"info"}
{"message":"UPS:1Z1716X4A833333617 No tracking information available","level":"info"}
{"message":"UPS:1Z6Y55F5A833333770 No tracking information available","level":"info"}
{"message":"UPS:1Z143E62A833333909 No tracking information available","level":"info"}
{"message":"UPS:1Z1716X4A833333573 No tracking information available","level":"info"}
{"message":"UPS:1Z6Y55F5A833333850 No tracking information available","level":"info"}
{"message":"UPS:1Z1716X4A833333546 No tracking information available","level":"info"}
{"message":"UPS:1Z6Y55F5A833333798 No tracking information available","level":"info"}
{"message":"UPS:1ZTT1049A822250160 No tracking information available","level":"info"}
{"message":"UPS:1Z1716X4A833333564 No tracking information available","level":"info"}
{"message":"UPS:1Z6Y55F5A833333841 No tracking information available","level":"info"}
{"message":"UPS:1Z6Y55F5A833333832 No tracking information available","level":"info"}
{"message":"UPS:1ZTT1049A822250357 No tracking information available","level":"info"}
{"message":"UPS:1ZTT1049A822250151 No tracking information available","level":"info"}
{"message":"UPS:1ZTT1049A822250366 No tracking information available","level":"info"}
{"message":"UPS:1ZTT1049A822250348 No tracking information available","level":"info"}
{"message":"UPS:1Z143E62A833333990 No tracking information available","level":"info"}
{"message":"UPS:1Z1716X4A833333635 No tracking information available","level":"info"}
{"message":"UPS:1Z143E47A833333867 No tracking information available","level":"info"}
{"message":"UPS:1Z143E47A833333858 No tracking information available","level":"info"}
{"message":"UPS:1Z6Y55F5A833333869 No tracking information available","level":"info"}
{"message":"UPS:1Z143E62A833333954 No tracking information available","level":"info"}
{"message":"fex ApiReq:5 apiRes:5 apiErr:0 apiQue:0 piston:0 statusDrop:5 errDrop:0 toDb:0 dbReq:0 DbRes:0 DbErr:0 dbQue:0","level":"info"}
{"message":"ups ApiReq:62 apiRes:62 apiErr:0 apiQue:0 piston:0 statusDrop:62 errDrop:0 toDb:0 dbReq:0 DbRes:0 DbErr:0 dbQue:0","level":"info"}
{"message":"gso ApiReq:33 apiRes:32 apiErr:0 apiQue:1 piston:0 statusDrop:32 errDrop:0 toDb:0 dbReq:0 DbRes:0 DbErr:0 dbQue:0","level":"info"}
{"message":"tps ApiReq:0 apiRes:0 apiErr:0 apiQue:0 piston:0 statusDrop:0 errDrop:0 toDb:0 dbReq:0 DbRes:0 DbErr:0 dbQue:0","level":"info"}
{"message":"Total apiReq:100 apiRes:99 apiErr:0 apiQue:1 statusDrop:99 errDrop:0 toDb:0 dbReq:0 dbRes:0 dbErr:0 dbQue:0 t:2018-07-10 22:57:00","level":"info"}
{"message":"fex ApiReq:5 apiRes:5 apiErr:0 apiQue:0 piston:0 statusDrop:5 errDrop:0 toDb:0 dbReq:0 DbRes:0 DbErr:0 dbQue:0","level":"info"}
{"message":"ups ApiReq:62 apiRes:62 apiErr:0 apiQue:0 piston:0 statusDrop:62 errDrop:0 toDb:0 dbReq:0 DbRes:0 DbErr:0 dbQue:0","level":"info"}
{"message":"gso ApiReq:33 apiRes:33 apiErr:0 apiQue:0 piston:0 statusDrop:33 errDrop:0 toDb:0 dbReq:0 DbRes:0 DbErr:0 dbQue:0","level":"info"}
{"message":"tps ApiReq:0 apiRes:0 apiErr:0 apiQue:0 piston:0 statusDrop:0 errDrop:0 toDb:0 dbReq:0 DbRes:0 DbErr:0 dbQue:0","level":"info"}
{"message":"Total apiReq:100 apiRes:100 apiErr:0 apiQue:0 statusDrop:100 errDrop:0 toDb:0 dbReq:0 dbRes:0 dbErr:0 dbQue:0 t:2018-07-10 22:57:05","level":"info"}
{"message":"Status mail is sent","level":"info"}
{"message":{"apiReq":100,"apiRes":100,"apiErr":0,"apiQue":0,"statusDrop":100,"errDrop":0,"toDb":0,"dbReq":0,"dbRes":0,"dbErr":0,"dbQue":0,"startTime":"2018-07-10 22:56:50","endTime":"2018-07-10 22:57:05","duration":"00:00:14"},"level":"info"}
{"message":"cleaning up","level":"info"}
{"message":"Exiting program: exit code: 0 Start time:2018-07-10 22:56:50 End time:2018-07-10 22:57:05 Duration (hh:mm:ss) 00:00:14","level":"info"}
