{"message":"New Job started at 2018-07-08 09:52:41","level":"info"}
{"message":"gso Item Count: 873","level":"info"}
{"message":"fex Item Count: 9","level":"info"}
{"message":"ups Item Count: 87","level":"info"}
{"message":"tps Item Count: 31","level":"info"}
{"message":"Request failed with status code 400. Carrier name:gso, Tracking number:508741111112449","level":"info"}
{"message":"Request failed with status code 400. Carrier name:gso, Tracking number:508741111112415","level":"info"}
{"message":"Request failed with status code 400. Carrier name:gso, Tracking number:508741111112370","level":"info"}
{"message":"Request failed with status code 400. Carrier name:gso, Tracking number:508741111112347","level":"info"}
{"message":"Request failed with status code 400. Carrier name:gso, Tracking number:508741111112343","level":"info"}
{"message":"fex ApiReq:9 ApiRes:9 ApiErr:0 ApiQue:0 Piston:0 ToDb:9 DbReq:9 DbRes:9 DbErr:0 DbQue:0","level":"info"}
{"message":"ups ApiReq:87 ApiRes:87 ApiErr:0 ApiQue:0 Piston:0 ToDb:63 DbReq:62 DbRes:62 DbErr:0 DbQue:1","level":"info"}
{"message":"gso ApiReq:247 ApiRes:191 ApiErr:5 ApiQue:51 Piston:15 ToDb:82 DbReq:55 DbRes:55 DbErr:0 DbQue:27","level":"info"}
{"message":"tps ApiReq:31 ApiRes:31 ApiErr:0 ApiQue:0 Piston:0 ToDb:31 DbReq:31 DbRes:31 DbErr:0 DbQue:0","level":"info"}
{"message":"Total apiReq:374 apiRes:318 apiErr:5 apiQue:51 toDb:185 dbReq:157 dbRes:157 dbErr:0 dbQue:28 time:2018-07-08 09:52:49","level":"info"}
{"message":"Request failed with status code 400. Carrier name:gso, Tracking number:508741111112588","level":"info"}
{"message":"Request failed with status code 400. Carrier name:gso, Tracking number:508741111112598","level":"info"}
{"message":"fex ApiReq:9 ApiRes:9 ApiErr:0 ApiQue:0 Piston:0 ToDb:9 DbReq:9 DbRes:9 DbErr:0 DbQue:0","level":"info"}
{"message":"ups ApiReq:87 ApiRes:87 ApiErr:0 ApiQue:0 Piston:0 ToDb:76 DbReq:76 DbRes:76 DbErr:0 DbQue:0","level":"info"}
{"message":"gso ApiReq:458 ApiRes:404 ApiErr:7 ApiQue:47 Piston:25 ToDb:252 DbReq:236 DbRes:236 DbErr:0 DbQue:16","level":"info"}
{"message":"tps ApiReq:31 ApiRes:31 ApiErr:0 ApiQue:0 Piston:0 ToDb:31 DbReq:31 DbRes:31 DbErr:0 DbQue:0","level":"info"}
{"message":"Total apiReq:585 apiRes:531 apiErr:7 apiQue:47 toDb:368 dbReq:352 dbRes:352 dbErr:0 dbQue:16 time:2018-07-08 09:52:54","level":"info"}
{"message":"fex ApiReq:9 ApiRes:9 ApiErr:0 ApiQue:0 Piston:0 ToDb:9 DbReq:9 DbRes:9 DbErr:0 DbQue:0","level":"info"}
{"message":"ups ApiReq:87 ApiRes:87 ApiErr:0 ApiQue:0 Piston:0 ToDb:85 DbReq:85 DbRes:85 DbErr:0 DbQue:0","level":"info"}
{"message":"gso ApiReq:691 ApiRes:620 ApiErr:7 ApiQue:64 Piston:25 ToDb:437 DbReq:409 DbRes:409 DbErr:0 DbQue:28","level":"info"}
{"message":"tps ApiReq:31 ApiRes:31 ApiErr:0 ApiQue:0 Piston:0 ToDb:31 DbReq:31 DbRes:31 DbErr:0 DbQue:0","level":"info"}
{"message":"Total apiReq:818 apiRes:747 apiErr:7 apiQue:64 toDb:562 dbReq:534 dbRes:534 dbErr:0 dbQue:28 time:2018-07-08 09:52:59","level":"info"}
{"message":"fex ApiReq:9 ApiRes:9 ApiErr:0 ApiQue:0 Piston:0 ToDb:9 DbReq:9 DbRes:9 DbErr:0 DbQue:0","level":"info"}
{"message":"ups ApiReq:87 ApiRes:87 ApiErr:0 ApiQue:0 Piston:0 ToDb:86 DbReq:86 DbRes:86 DbErr:0 DbQue:0","level":"info"}
{"message":"gso ApiReq:873 ApiRes:851 ApiErr:7 ApiQue:15 Piston:15 ToDb:621 DbReq:593 DbRes:593 DbErr:0 DbQue:28","level":"info"}
{"message":"tps ApiReq:31 ApiRes:31 ApiErr:0 ApiQue:0 Piston:0 ToDb:31 DbReq:31 DbRes:31 DbErr:0 DbQue:0","level":"info"}
{"message":"Total apiReq:1000 apiRes:978 apiErr:7 apiQue:15 toDb:747 dbReq:719 dbRes:719 dbErr:0 dbQue:28 time:2018-07-08 09:53:04","level":"info"}
{"message":"fex ApiReq:9 ApiRes:9 ApiErr:0 ApiQue:0 Piston:0 ToDb:9 DbReq:9 DbRes:9 DbErr:0 DbQue:0","level":"info"}
{"message":"ups ApiReq:87 ApiRes:87 ApiErr:0 ApiQue:0 Piston:0 ToDb:87 DbReq:87 DbRes:87 DbErr:0 DbQue:0","level":"info"}
{"message":"gso ApiReq:873 ApiRes:866 ApiErr:7 ApiQue:0 Piston:0 ToDb:801 DbReq:784 DbRes:784 DbErr:0 DbQue:17","level":"info"}
{"message":"tps ApiReq:31 ApiRes:31 ApiErr:0 ApiQue:0 Piston:0 ToDb:31 DbReq:31 DbRes:31 DbErr:0 DbQue:0","level":"info"}
{"message":"Total apiReq:1000 apiRes:993 apiErr:7 apiQue:0 toDb:928 dbReq:911 dbRes:911 dbErr:0 dbQue:17 time:2018-07-08 09:53:09","level":"info"}
{"message":"fex ApiReq:9 ApiRes:9 ApiErr:0 ApiQue:0 Piston:0 ToDb:9 DbReq:9 DbRes:9 DbErr:0 DbQue:0","level":"info"}
{"message":"ups ApiReq:87 ApiRes:87 ApiErr:0 ApiQue:0 Piston:0 ToDb:87 DbReq:87 DbRes:87 DbErr:0 DbQue:0","level":"info"}
{"message":"gso ApiReq:873 ApiRes:866 ApiErr:7 ApiQue:0 Piston:0 ToDb:873 DbReq:873 DbRes:873 DbErr:0 DbQue:0","level":"info"}
{"message":"tps ApiReq:31 ApiRes:31 ApiErr:0 ApiQue:0 Piston:0 ToDb:31 DbReq:31 DbRes:31 DbErr:0 DbQue:0","level":"info"}
{"message":"Total apiReq:1000 apiRes:993 apiErr:7 apiQue:0 toDb:1000 dbReq:1000 dbRes:1000 dbErr:0 dbQue:0 time:2018-07-08 09:53:14","level":"info"}
{"message":"Mandrill mail sent","level":"info"}
